<?xml version="1.0" encoding="UTF-8"?>
<!-- Generated by org.testng.reporters.JUnitReportReporter -->
<testsuite hostname="DESKTOP-6FQQ1FF" failures="0" tests="2" name="com.facebook.registrationTests.RegistrationTest" time="7.574" errors="1" timestamp="2023-10-12T00:58:33 EDT" skipped="0">
  <testcase classname="com.facebook.registrationTests.RegistrationTest" name="registrationTest" time="7.565"/>
  <system-out/>
  <testcase classname="com.facebook.registrationTests.RegistrationTest" name="closeApp" time="0.009">
    <error type="java.lang.StackOverflowError">
      <![CDATA[java.lang.StackOverflowError
at com.facebook.registrationTests.RegistrationTest.closeApp(RegistrationTest.java:42)
at com.facebook.registrationTests.RegistrationTest.closeApp(RegistrationTest.java:42)
at com.facebook.registrationTests.RegistrationTest.closeApp(RegistrationTest.java:42)
at com.facebook.registrationTests.RegistrationTest.closeApp(RegistrationTest.java:42)
at com.facebook.registrationTests.RegistrationTest.closeApp(RegistrationTest.java:42)
at com.facebook.registrationTests.RegistrationTest.closeApp(RegistrationTest.java:42)
at com.facebook.registrationTests.RegistrationTest.closeApp(RegistrationTest.java:42)
at com.facebook.registrationTests.RegistrationTest.closeApp(RegistrationTest.java:42)
at com.facebook.registrationTests.RegistrationTest.closeApp(RegistrationTest.java:42)
at com.facebook.registrationTests.RegistrationTest.closeApp(RegistrationTest.java:42)
at com.facebook.registrationTests.RegistrationTest.closeApp(RegistrationTest.java:42)
at com.facebook.registrationTests.RegistrationTest.closeApp(RegistrationTest.java:42)
at com.facebook.registrationTests.RegistrationTest.closeApp(RegistrationTest.java:42)
at com.facebook.registrationTests.RegistrationTest.closeApp(RegistrationTest.java:42)
at com.facebook.registrationTests.RegistrationTest.closeApp(RegistrationTest.java:42)
at com.facebook.registrationTests.RegistrationTest.closeApp(RegistrationTest.java:42)
at com.facebook.registrationTests.RegistrationTest.closeApp(RegistrationTest.java:42)
at com.facebook.registrationTests.RegistrationTest.closeApp(RegistrationTest.java:42)
at com.facebook.registrationTests.RegistrationTest.closeApp(RegistrationTest.java:42)
at com.facebook.registrationTests.RegistrationTest.closeApp(RegistrationTest.java:42)
at com.facebook.registrationTests.RegistrationTest.closeApp(RegistrationTest.java:42)
at com.facebook.registrationTests.RegistrationTest.closeApp(RegistrationTest.java:42)
at com.facebook.registrationTests.RegistrationTest.closeApp(RegistrationTest.java:42)
at com.facebook.registrationTests.RegistrationTest.closeApp(RegistrationTest.java:42)
at com.facebook.registrationTests.RegistrationTest.closeApp(RegistrationTest.java:42)
at com.facebook.registrationTests.RegistrationTest.closeApp(RegistrationTest.java:42)
at com.facebook.registrationTests.RegistrationTest.closeApp(RegistrationTest.java:42)
at com.facebook.registrationTests.RegistrationTest.closeApp(RegistrationTest.java:42)
at com.facebook.registrationTests.RegistrationTest.closeApp(RegistrationTest.java:42)
at com.facebook.registrationTests.RegistrationTest.closeApp(RegistrationTest.java:42)
at com.facebook.registrationTests.RegistrationTest.closeApp(RegistrationTest.java:42)
at com.facebook.registrationTests.RegistrationTest.closeApp(RegistrationTest.java:42)
at com.facebook.registrationTests.RegistrationTest.closeApp(RegistrationTest.java:42)
at com.facebook.registrationTests.RegistrationTest.closeApp(RegistrationTest.java:42)
at com.facebook.registrationTests.RegistrationTest.closeApp(RegistrationTest.java:42)
at com.facebook.registrationTests.RegistrationTest.closeApp(RegistrationTest.java:42)
at com.facebook.registrationTests.RegistrationTest.closeApp(RegistrationTest.java:42)
at com.facebook.registrationTests.RegistrationTest.closeApp(RegistrationTest.java:42)
at com.facebook.registrationTests.RegistrationTest.closeApp(RegistrationTest.java:42)
at com.facebook.registrationTests.RegistrationTest.closeApp(RegistrationTest.java:42)
at com.facebook.registrationTests.RegistrationTest.closeApp(RegistrationTest.java:42)
at com.facebook.registrationTests.RegistrationTest.closeApp(RegistrationTest.java:42)
at com.facebook.registrationTests.RegistrationTest.closeApp(RegistrationTest.java:42)
at com.facebook.registrationTests.RegistrationTest.closeApp(RegistrationTest.java:42)
at com.facebook.registrationTests.RegistrationTest.closeApp(RegistrationTest.java:42)
at com.facebook.registrationTests.RegistrationTest.closeApp(RegistrationTest.java:42)
at com.facebook.registrationTests.RegistrationTest.closeApp(RegistrationTest.java:42)
at com.facebook.registrationTests.RegistrationTest.closeApp(RegistrationTest.java:42)
at com.facebook.registrationTests.RegistrationTest.closeApp(RegistrationTest.java:42)
at com.facebook.registrationTests.RegistrationTest.closeApp(RegistrationTest.java:42)
at com.facebook.registrationTests.RegistrationTest.closeApp(RegistrationTest.java:42)
at com.facebook.registrationTests.RegistrationTest.closeApp(RegistrationTest.java:42)
at com.facebook.registrationTests.RegistrationTest.closeApp(RegistrationTest.java:42)
at com.facebook.registrationTests.RegistrationTest.closeApp(RegistrationTest.java:42)
at com.facebook.registrationTests.RegistrationTest.closeApp(RegistrationTest.java:42)
at com.facebook.registrationTests.RegistrationTest.closeApp(RegistrationTest.java:42)
at com.facebook.registrationTests.RegistrationTest.closeApp(RegistrationTest.java:42)
at com.facebook.registrationTests.RegistrationTest.closeApp(RegistrationTest.java:42)
at com.facebook.registrationTests.RegistrationTest.closeApp(RegistrationTest.java:42)
at com.facebook.registrationTests.RegistrationTest.closeApp(RegistrationTest.java:42)
at com.facebook.registrationTests.RegistrationTest.closeApp(RegistrationTest.java:42)
at com.facebook.registrationTests.RegistrationTest.closeApp(RegistrationTest.java:42)
at com.facebook.registrationTests.RegistrationTest.closeApp(RegistrationTest.java:42)
at com.facebook.registrationTests.RegistrationTest.closeApp(RegistrationTest.java:42)
at com.facebook.registrationTests.RegistrationTest.closeApp(RegistrationTest.java:42)
at com.facebook.registrationTests.RegistrationTest.closeApp(RegistrationTest.java:42)
at com.facebook.registrationTests.RegistrationTest.closeApp(RegistrationTest.java:42)
at com.facebook.registrationTests.RegistrationTest.closeApp(RegistrationTest.java:42)
at com.facebook.registrationTests.RegistrationTest.closeApp(RegistrationTest.java:42)
at com.facebook.registrationTests.RegistrationTest.closeApp(RegistrationTest.java:42)
at com.facebook.registrationTests.RegistrationTest.closeApp(RegistrationTest.java:42)
at com.facebook.registrationTests.RegistrationTest.closeApp(RegistrationTest.java:42)
at com.facebook.registrationTests.RegistrationTest.closeApp(RegistrationTest.java:42)
at com.facebook.registrationTests.RegistrationTest.closeApp(RegistrationTest.java:42)
at com.facebook.registrationTests.RegistrationTest.closeApp(RegistrationTest.java:42)
at com.facebook.registrationTests.RegistrationTest.closeApp(RegistrationTest.java:42)
at com.facebook.registrationTests.RegistrationTest.closeApp(RegistrationTest.java:42)
at com.facebook.registrationTests.RegistrationTest.closeApp(RegistrationTest.java:42)
at com.facebook.registrationTests.RegistrationTest.closeApp(RegistrationTest.java:42)
at com.facebook.registrationTests.RegistrationTest.closeApp(RegistrationTest.java:42)
at com.facebook.registrationTests.RegistrationTest.closeApp(RegistrationTest.java:42)
at com.facebook.registrationTests.RegistrationTest.closeApp(RegistrationTest.java:42)
at com.facebook.registrationTests.RegistrationTest.closeApp(RegistrationTest.java:42)
at com.facebook.registrationTests.RegistrationTest.closeApp(RegistrationTest.java:42)
at com.facebook.registrationTests.RegistrationTest.closeApp(RegistrationTest.java:42)
at com.facebook.registrationTests.RegistrationTest.closeApp(RegistrationTest.java:42)
at com.facebook.registrationTests.RegistrationTest.closeApp(RegistrationTest.java:42)
at com.facebook.registrationTests.RegistrationTest.closeApp(RegistrationTest.java:42)
at com.facebook.registrationTests.RegistrationTest.closeApp(RegistrationTest.java:42)
at com.facebook.registrationTests.RegistrationTest.closeApp(RegistrationTest.java:42)
at com.facebook.registrationTests.RegistrationTest.closeApp(RegistrationTest.java:42)
at com.facebook.registrationTests.RegistrationTest.closeApp(RegistrationTest.java:42)
at com.facebook.registrationTests.RegistrationTest.closeApp(RegistrationTest.java:42)
at com.facebook.registrationTests.RegistrationTest.closeApp(RegistrationTest.java:42)
at com.facebook.registrationTests.RegistrationTest.closeApp(RegistrationTest.java:42)
at com.facebook.registrationTests.RegistrationTest.closeApp(RegistrationTest.java:42)
at com.facebook.registrationTests.RegistrationTest.closeApp(RegistrationTest.java:42)
at com.facebook.registrationTests.RegistrationTest.closeApp(RegistrationTest.java:42)
at com.facebook.registrationTests.RegistrationTest.closeApp(RegistrationTest.java:42)
at com.facebook.registrationTests.RegistrationTest.closeApp(RegistrationTest.java:42)
at com.facebook.registrationTests.RegistrationTest.closeApp(RegistrationTest.java:42)
at com.facebook.registrationTests.RegistrationTest.closeApp(RegistrationTest.java:42)
at com.facebook.registrationTests.RegistrationTest.closeApp(RegistrationTest.java:42)
at com.facebook.registrationTests.RegistrationTest.closeApp(RegistrationTest.java:42)
at com.facebook.registrationTests.RegistrationTest.closeApp(RegistrationTest.java:42)
at com.facebook.registrationTests.RegistrationTest.closeApp(RegistrationTest.java:42)
at com.facebook.registrationTests.RegistrationTest.closeApp(RegistrationTest.java:42)
at com.facebook.registrationTests.RegistrationTest.closeApp(RegistrationTest.java:42)
at com.facebook.registrationTests.RegistrationTest.closeApp(RegistrationTest.java:42)
at com.facebook.registrationTests.RegistrationTest.closeApp(RegistrationTest.java:42)
at com.facebook.registrationTests.RegistrationTest.closeApp(RegistrationTest.java:42)
at com.facebook.registrationTests.RegistrationTest.closeApp(RegistrationTest.java:42)
at com.facebook.registrationTests.RegistrationTest.closeApp(RegistrationTest.java:42)
at com.facebook.registrationTests.RegistrationTest.closeApp(RegistrationTest.java:42)
at com.facebook.registrationTests.RegistrationTest.closeApp(RegistrationTest.java:42)
at com.facebook.registrationTests.RegistrationTest.closeApp(RegistrationTest.java:42)
at com.facebook.registrationTests.RegistrationTest.closeApp(RegistrationTest.java:42)
at com.facebook.registrationTests.RegistrationTest.closeApp(RegistrationTest.java:42)
at com.facebook.registrationTests.RegistrationTest.closeApp(RegistrationTest.java:42)
at com.facebook.registrationTests.RegistrationTest.closeApp(RegistrationTest.java:42)
at com.facebook.registrationTests.RegistrationTest.closeApp(RegistrationTest.java:42)
at com.facebook.registrationTests.RegistrationTest.closeApp(RegistrationTest.java:42)
at com.facebook.registrationTests.RegistrationTest.closeApp(RegistrationTest.java:42)
at com.facebook.registrationTests.RegistrationTest.closeApp(RegistrationTest.java:42)
at com.facebook.registrationTests.RegistrationTest.closeApp(RegistrationTest.java:42)
at com.facebook.registrationTests.RegistrationTest.closeApp(RegistrationTest.java:42)
at com.facebook.registrationTests.RegistrationTest.closeApp(RegistrationTest.java:42)
at com.facebook.registrationTests.RegistrationTest.closeApp(RegistrationTest.java:42)
at com.facebook.registrationTests.RegistrationTest.closeApp(RegistrationTest.java:42)
at com.facebook.registrationTests.RegistrationTest.closeApp(RegistrationTest.java:42)
at com.facebook.registrationTests.RegistrationTest.closeApp(RegistrationTest.java:42)
at com.facebook.registrationTests.RegistrationTest.closeApp(RegistrationTest.java:42)
at com.facebook.registrationTests.RegistrationTest.closeApp(RegistrationTest.java:42)
at com.facebook.registrationTests.RegistrationTest.closeApp(RegistrationTest.java:42)
at com.facebook.registrationTests.RegistrationTest.closeApp(RegistrationTest.java:42)
at com.facebook.registrationTests.RegistrationTest.closeApp(RegistrationTest.java:42)
at com.facebook.registrationTests.RegistrationTest.closeApp(RegistrationTest.java:42)
at com.facebook.registrationTests.RegistrationTest.closeApp(RegistrationTest.java:42)
at com.facebook.registrationTests.RegistrationTest.closeApp(RegistrationTest.java:42)
at com.facebook.registrationTests.RegistrationTest.closeApp(RegistrationTest.java:42)
at com.facebook.registrationTests.RegistrationTest.closeApp(RegistrationTest.java:42)
at com.facebook.registrationTests.RegistrationTest.closeApp(RegistrationTest.java:42)
at com.facebook.registrationTests.RegistrationTest.closeApp(RegistrationTest.java:42)
at com.facebook.registrationTests.RegistrationTest.closeApp(RegistrationTest.java:42)
at com.facebook.registrationTests.RegistrationTest.closeApp(RegistrationTest.java:42)
at com.facebook.registrationTests.RegistrationTest.closeApp(RegistrationTest.java:42)
at com.facebook.registrationTests.RegistrationTest.closeApp(RegistrationTest.java:42)
at com.facebook.registrationTests.RegistrationTest.closeApp(RegistrationTest.java:42)
at com.facebook.registrationTests.RegistrationTest.closeApp(RegistrationTest.java:42)
at com.facebook.registrationTests.RegistrationTest.closeApp(RegistrationTest.java:42)
at com.facebook.registrationTests.RegistrationTest.closeApp(RegistrationTest.java:42)
at com.facebook.registrationTests.RegistrationTest.closeApp(RegistrationTest.java:42)
at com.facebook.registrationTests.RegistrationTest.closeApp(RegistrationTest.java:42)
at com.facebook.registrationTests.RegistrationTest.closeApp(RegistrationTest.java:42)
at com.facebook.registrationTests.RegistrationTest.closeApp(RegistrationTest.java:42)
at com.facebook.registrationTests.RegistrationTest.closeApp(RegistrationTest.java:42)
at com.facebook.registrationTests.RegistrationTest.closeApp(RegistrationTest.java:42)
at com.facebook.registrationTests.RegistrationTest.closeApp(RegistrationTest.java:42)
at com.facebook.registrationTests.RegistrationTest.closeApp(RegistrationTest.java:42)
at com.facebook.registrationTests.RegistrationTest.closeApp(RegistrationTest.java:42)
at com.facebook.registrationTests.RegistrationTest.closeApp(RegistrationTest.java:42)
at com.facebook.registrationTests.RegistrationTest.closeApp(RegistrationTest.java:42)
at com.facebook.registrationTests.RegistrationTest.closeApp(RegistrationTest.java:42)
at com.facebook.registrationTests.RegistrationTest.closeApp(RegistrationTest.java:42)
at com.facebook.registrationTests.RegistrationTest.closeApp(RegistrationTest.java:42)
at com.facebook.registrationTests.RegistrationTest.closeApp(RegistrationTest.java:42)
at com.facebook.registrationTests.RegistrationTest.closeApp(RegistrationTest.java:42)
at com.facebook.registrationTests.RegistrationTest.closeApp(RegistrationTest.java:42)
at com.facebook.registrationTests.RegistrationTest.closeApp(RegistrationTest.java:42)
at com.facebook.registrationTests.RegistrationTest.closeApp(RegistrationTest.java:42)
at com.facebook.registrationTests.RegistrationTest.closeApp(RegistrationTest.java:42)
at com.facebook.registrationTests.RegistrationTest.closeApp(RegistrationTest.java:42)
at com.facebook.registrationTests.RegistrationTest.closeApp(RegistrationTest.java:42)
at com.facebook.registrationTests.RegistrationTest.closeApp(RegistrationTest.java:42)
at com.facebook.registrationTests.RegistrationTest.closeApp(RegistrationTest.java:42)
at com.facebook.registrationTests.RegistrationTest.closeApp(RegistrationTest.java:42)
at com.facebook.registrationTests.RegistrationTest.closeApp(RegistrationTest.java:42)
at com.facebook.registrationTests.RegistrationTest.closeApp(RegistrationTest.java:42)
at com.facebook.registrationTests.RegistrationTest.closeApp(RegistrationTest.java:42)
at com.facebook.registrationTests.RegistrationTest.closeApp(RegistrationTest.java:42)
at com.facebook.registrationTests.RegistrationTest.closeApp(RegistrationTest.java:42)
at com.facebook.registrationTests.RegistrationTest.closeApp(RegistrationTest.java:42)
at com.facebook.registrationTests.RegistrationTest.closeApp(RegistrationTest.java:42)
at com.facebook.registrationTests.RegistrationTest.closeApp(RegistrationTest.java:42)
at com.facebook.registrationTests.RegistrationTest.closeApp(RegistrationTest.java:42)
at com.facebook.registrationTests.RegistrationTest.closeApp(RegistrationTest.java:42)
at com.facebook.registrationTests.RegistrationTest.closeApp(RegistrationTest.java:42)
at com.facebook.registrationTests.RegistrationTest.closeApp(RegistrationTest.java:42)
at com.facebook.registrationTests.RegistrationTest.closeApp(RegistrationTest.java:42)
at com.facebook.registrationTests.RegistrationTest.closeApp(RegistrationTest.java:42)
at com.facebook.registrationTests.RegistrationTest.closeApp(RegistrationTest.java:42)
at com.facebook.registrationTests.RegistrationTest.closeApp(RegistrationTest.java:42)
at com.facebook.registrationTests.RegistrationTest.closeApp(RegistrationTest.java:42)
at com.facebook.registrationTests.RegistrationTest.closeApp(RegistrationTest.java:42)
at com.facebook.registrationTests.RegistrationTest.closeApp(RegistrationTest.java:42)
at com.facebook.registrationTests.RegistrationTest.closeApp(RegistrationTest.java:42)
at com.facebook.registrationTests.RegistrationTest.closeApp(RegistrationTest.java:42)
at com.facebook.registrationTests.RegistrationTest.closeApp(RegistrationTest.java:42)
at com.facebook.registrationTests.RegistrationTest.closeApp(RegistrationTest.java:42)
at com.facebook.registrationTests.RegistrationTest.closeApp(RegistrationTest.java:42)
at com.facebook.registrationTests.RegistrationTest.closeApp(RegistrationTest.java:42)
at com.facebook.registrationTests.RegistrationTest.closeApp(RegistrationTest.java:42)
at com.facebook.registrationTests.RegistrationTest.closeApp(RegistrationTest.java:42)
at com.facebook.registrationTests.RegistrationTest.closeApp(RegistrationTest.java:42)
at com.facebook.registrationTests.RegistrationTest.closeApp(RegistrationTest.java:42)
at com.facebook.registrationTests.RegistrationTest.closeApp(RegistrationTest.java:42)
at com.facebook.registrationTests.RegistrationTest.closeApp(RegistrationTest.java:42)
at com.facebook.registrationTests.RegistrationTest.closeApp(RegistrationTest.java:42)
at com.facebook.registrationTests.RegistrationTest.closeApp(RegistrationTest.java:42)
at com.facebook.registrationTests.RegistrationTest.closeApp(RegistrationTest.java:42)
at com.facebook.registrationTests.RegistrationTest.closeApp(RegistrationTest.java:42)
at com.facebook.registrationTests.RegistrationTest.closeApp(RegistrationTest.java:42)
at com.facebook.registrationTests.RegistrationTest.closeApp(RegistrationTest.java:42)
at com.facebook.registrationTests.RegistrationTest.closeApp(RegistrationTest.java:42)
at com.facebook.registrationTests.RegistrationTest.closeApp(RegistrationTest.java:42)
at com.facebook.registrationTests.RegistrationTest.closeApp(RegistrationTest.java:42)
at com.facebook.registrationTests.RegistrationTest.closeApp(RegistrationTest.java:42)
at com.facebook.registrationTests.RegistrationTest.closeApp(RegistrationTest.java:42)
at com.facebook.registrationTests.RegistrationTest.closeApp(RegistrationTest.java:42)
at com.facebook.registrationTests.RegistrationTest.closeApp(RegistrationTest.java:42)
at com.facebook.registrationTests.RegistrationTest.closeApp(RegistrationTest.java:42)
at com.facebook.registrationTests.RegistrationTest.closeApp(RegistrationTest.java:42)
at com.facebook.registrationTests.RegistrationTest.closeApp(RegistrationTest.java:42)
at com.facebook.registrationTests.RegistrationTest.closeApp(RegistrationTest.java:42)
at com.facebook.registrationTests.RegistrationTest.closeApp(RegistrationTest.java:42)
at com.facebook.registrationTests.RegistrationTest.closeApp(RegistrationTest.java:42)
at com.facebook.registrationTests.RegistrationTest.closeApp(RegistrationTest.java:42)
at com.facebook.registrationTests.RegistrationTest.closeApp(RegistrationTest.java:42)
at com.facebook.registrationTests.RegistrationTest.closeApp(RegistrationTest.java:42)
at com.facebook.registrationTests.RegistrationTest.closeApp(RegistrationTest.java:42)
at com.facebook.registrationTests.RegistrationTest.closeApp(RegistrationTest.java:42)
at com.facebook.registrationTests.RegistrationTest.closeApp(RegistrationTest.java:42)
at com.facebook.registrationTests.RegistrationTest.closeApp(RegistrationTest.java:42)
at com.facebook.registrationTests.RegistrationTest.closeApp(RegistrationTest.java:42)
at com.facebook.registrationTests.RegistrationTest.closeApp(RegistrationTest.java:42)
at com.facebook.registrationTests.RegistrationTest.closeApp(RegistrationTest.java:42)
at com.facebook.registrationTests.RegistrationTest.closeApp(RegistrationTest.java:42)
at com.facebook.registrationTests.RegistrationTest.closeApp(RegistrationTest.java:42)
at com.facebook.registrationTests.RegistrationTest.closeApp(RegistrationTest.java:42)
at com.facebook.registrationTests.RegistrationTest.closeApp(RegistrationTest.java:42)
at com.facebook.registrationTests.RegistrationTest.closeApp(RegistrationTest.java:42)
at com.facebook.registrationTests.RegistrationTest.closeApp(RegistrationTest.java:42)
at com.facebook.registrationTests.RegistrationTest.closeApp(RegistrationTest.java:42)
at com.facebook.registrationTests.RegistrationTest.closeApp(RegistrationTest.java:42)
at com.facebook.registrationTests.RegistrationTest.closeApp(RegistrationTest.java:42)
at com.facebook.registrationTests.RegistrationTest.closeApp(RegistrationTest.java:42)
at com.facebook.registrationTests.RegistrationTest.closeApp(RegistrationTest.java:42)
at com.facebook.registrationTests.RegistrationTest.closeApp(RegistrationTest.java:42)
at com.facebook.registrationTests.RegistrationTest.closeApp(RegistrationTest.java:42)
at com.facebook.registrationTests.RegistrationTest.closeApp(RegistrationTest.java:42)
at com.facebook.registrationTests.RegistrationTest.closeApp(RegistrationTest.java:42)
at com.facebook.registrationTests.RegistrationTest.closeApp(RegistrationTest.java:42)
at com.facebook.registrationTests.RegistrationTest.closeApp(RegistrationTest.java:42)
at com.facebook.registrationTests.RegistrationTest.closeApp(RegistrationTest.java:42)
at com.facebook.registrationTests.RegistrationTest.closeApp(RegistrationTest.java:42)
at com.facebook.registrationTests.RegistrationTest.closeApp(RegistrationTest.java:42)
at com.facebook.registrationTests.RegistrationTest.closeApp(RegistrationTest.java:42)
at com.facebook.registrationTests.RegistrationTest.closeApp(RegistrationTest.java:42)
at com.facebook.registrationTests.RegistrationTest.closeApp(RegistrationTest.java:42)
at com.facebook.registrationTests.RegistrationTest.closeApp(RegistrationTest.java:42)
at com.facebook.registrationTests.RegistrationTest.closeApp(RegistrationTest.java:42)
at com.facebook.registrationTests.RegistrationTest.closeApp(RegistrationTest.java:42)
at com.facebook.registrationTests.RegistrationTest.closeApp(RegistrationTest.java:42)
at com.facebook.registrationTests.RegistrationTest.closeApp(RegistrationTest.java:42)
at com.facebook.registrationTests.RegistrationTest.closeApp(RegistrationTest.java:42)
at com.facebook.registrationTests.RegistrationTest.closeApp(RegistrationTest.java:42)
at com.facebook.registrationTests.RegistrationTest.closeApp(RegistrationTest.java:42)
at com.facebook.registrationTests.RegistrationTest.closeApp(RegistrationTest.java:42)
at com.facebook.registrationTests.RegistrationTest.closeApp(RegistrationTest.java:42)
at com.facebook.registrationTests.RegistrationTest.closeApp(RegistrationTest.java:42)
at com.facebook.registrationTests.RegistrationTest.closeApp(RegistrationTest.java:42)
at com.facebook.registrationTests.RegistrationTest.closeApp(RegistrationTest.java:42)
at com.facebook.registrationTests.RegistrationTest.closeApp(RegistrationTest.java:42)
at com.facebook.registrationTests.RegistrationTest.closeApp(RegistrationTest.java:42)
at com.facebook.registrationTests.RegistrationTest.closeApp(RegistrationTest.java:42)
at com.facebook.registrationTests.RegistrationTest.closeApp(RegistrationTest.java:42)
at com.facebook.registrationTests.RegistrationTest.closeApp(RegistrationTest.java:42)
at com.facebook.registrationTests.RegistrationTest.closeApp(RegistrationTest.java:42)
at com.facebook.registrationTests.RegistrationTest.closeApp(RegistrationTest.java:42)
at com.facebook.registrationTests.RegistrationTest.closeApp(RegistrationTest.java:42)
at com.facebook.registrationTests.RegistrationTest.closeApp(RegistrationTest.java:42)
at com.facebook.registrationTests.RegistrationTest.closeApp(RegistrationTest.java:42)
at com.facebook.registrationTests.RegistrationTest.closeApp(RegistrationTest.java:42)
at com.facebook.registrationTests.RegistrationTest.closeApp(RegistrationTest.java:42)
at com.facebook.registrationTests.RegistrationTest.closeApp(RegistrationTest.java:42)
at com.facebook.registrationTests.RegistrationTest.closeApp(RegistrationTest.java:42)
at com.facebook.registrationTests.RegistrationTest.closeApp(RegistrationTest.java:42)
at com.facebook.registrationTests.RegistrationTest.closeApp(RegistrationTest.java:42)
at com.facebook.registrationTests.RegistrationTest.closeApp(RegistrationTest.java:42)
at com.facebook.registrationTests.RegistrationTest.closeApp(RegistrationTest.java:42)
at com.facebook.registrationTests.RegistrationTest.closeApp(RegistrationTest.java:42)
at com.facebook.registrationTests.RegistrationTest.closeApp(RegistrationTest.java:42)
at com.facebook.registrationTests.RegistrationTest.closeApp(RegistrationTest.java:42)
at com.facebook.registrationTests.RegistrationTest.closeApp(RegistrationTest.java:42)
at com.facebook.registrationTests.RegistrationTest.closeApp(RegistrationTest.java:42)
at com.facebook.registrationTests.RegistrationTest.closeApp(RegistrationTest.java:42)
at com.facebook.registrationTests.RegistrationTest.closeApp(RegistrationTest.java:42)
at com.facebook.registrationTests.RegistrationTest.closeApp(RegistrationTest.java:42)
at com.facebook.registrationTests.RegistrationTest.closeApp(RegistrationTest.java:42)
at com.facebook.registrationTests.RegistrationTest.closeApp(RegistrationTest.java:42)
at com.facebook.registrationTests.RegistrationTest.closeApp(RegistrationTest.java:42)
at com.facebook.registrationTests.RegistrationTest.closeApp(RegistrationTest.java:42)
at com.facebook.registrationTests.RegistrationTest.closeApp(RegistrationTest.java:42)
at com.facebook.registrationTests.RegistrationTest.closeApp(RegistrationTest.java:42)
at com.facebook.registrationTests.RegistrationTest.closeApp(RegistrationTest.java:42)
at com.facebook.registrationTests.RegistrationTest.closeApp(RegistrationTest.java:42)
at com.facebook.registrationTests.RegistrationTest.closeApp(RegistrationTest.java:42)
at com.facebook.registrationTests.RegistrationTest.closeApp(RegistrationTest.java:42)
at com.facebook.registrationTests.RegistrationTest.closeApp(RegistrationTest.java:42)
at com.facebook.registrationTests.RegistrationTest.closeApp(RegistrationTest.java:42)
at com.facebook.registrationTests.RegistrationTest.closeApp(RegistrationTest.java:42)
at com.facebook.registrationTests.RegistrationTest.closeApp(RegistrationTest.java:42)
at com.facebook.registrationTests.RegistrationTest.closeApp(RegistrationTest.java:42)
at com.facebook.registrationTests.RegistrationTest.closeApp(RegistrationTest.java:42)
at com.facebook.registrationTests.RegistrationTest.closeApp(RegistrationTest.java:42)
at com.facebook.registrationTests.RegistrationTest.closeApp(RegistrationTest.java:42)
at com.facebook.registrationTests.RegistrationTest.closeApp(RegistrationTest.java:42)
at com.facebook.registrationTests.RegistrationTest.closeApp(RegistrationTest.java:42)
at com.facebook.registrationTests.RegistrationTest.closeApp(RegistrationTest.java:42)
at com.facebook.registrationTests.RegistrationTest.closeApp(RegistrationTest.java:42)
at com.facebook.registrationTests.RegistrationTest.closeApp(RegistrationTest.java:42)
at com.facebook.registrationTests.RegistrationTest.closeApp(RegistrationTest.java:42)
at com.facebook.registrationTests.RegistrationTest.closeApp(RegistrationTest.java:42)
at com.facebook.registrationTests.RegistrationTest.closeApp(RegistrationTest.java:42)
at com.facebook.registrationTests.RegistrationTest.closeApp(RegistrationTest.java:42)
at com.facebook.registrationTests.RegistrationTest.closeApp(RegistrationTest.java:42)
at com.facebook.registrationTests.RegistrationTest.closeApp(RegistrationTest.java:42)
at com.facebook.registrationTests.RegistrationTest.closeApp(RegistrationTest.java:42)
at com.facebook.registrationTests.RegistrationTest.closeApp(RegistrationTest.java:42)
at com.facebook.registrationTests.RegistrationTest.closeApp(RegistrationTest.java:42)
at com.facebook.registrationTests.RegistrationTest.closeApp(RegistrationTest.java:42)
at com.facebook.registrationTests.RegistrationTest.closeApp(RegistrationTest.java:42)
at com.facebook.registrationTests.RegistrationTest.closeApp(RegistrationTest.java:42)
at com.facebook.registrationTests.RegistrationTest.closeApp(RegistrationTest.java:42)
at com.facebook.registrationTests.RegistrationTest.closeApp(RegistrationTest.java:42)
at com.facebook.registrationTests.RegistrationTest.closeApp(RegistrationTest.java:42)
at com.facebook.registrationTests.RegistrationTest.closeApp(RegistrationTest.java:42)
at com.facebook.registrationTests.RegistrationTest.closeApp(RegistrationTest.java:42)
at com.facebook.registrationTests.RegistrationTest.closeApp(RegistrationTest.java:42)
at com.facebook.registrationTests.RegistrationTest.closeApp(RegistrationTest.java:42)
at com.facebook.registrationTests.RegistrationTest.closeApp(RegistrationTest.java:42)
at com.facebook.registrationTests.RegistrationTest.closeApp(RegistrationTest.java:42)
at com.facebook.registrationTests.RegistrationTest.closeApp(RegistrationTest.java:42)
at com.facebook.registrationTests.RegistrationTest.closeApp(RegistrationTest.java:42)
at com.facebook.registrationTests.RegistrationTest.closeApp(RegistrationTest.java:42)
at com.facebook.registrationTests.RegistrationTest.closeApp(RegistrationTest.java:42)
at com.facebook.registrationTests.RegistrationTest.closeApp(RegistrationTest.java:42)
at com.facebook.registrationTests.RegistrationTest.closeApp(RegistrationTest.java:42)
at com.facebook.registrationTests.RegistrationTest.closeApp(RegistrationTest.java:42)
at com.facebook.registrationTests.RegistrationTest.closeApp(RegistrationTest.java:42)
at com.facebook.registrationTests.RegistrationTest.closeApp(RegistrationTest.java:42)
at com.facebook.registrationTests.RegistrationTest.closeApp(RegistrationTest.java:42)
at com.facebook.registrationTests.RegistrationTest.closeApp(RegistrationTest.java:42)
at com.facebook.registrationTests.RegistrationTest.closeApp(RegistrationTest.java:42)
at com.facebook.registrationTests.RegistrationTest.closeApp(RegistrationTest.java:42)
at com.facebook.registrationTests.RegistrationTest.closeApp(RegistrationTest.java:42)
at com.facebook.registrationTests.RegistrationTest.closeApp(RegistrationTest.java:42)
at com.facebook.registrationTests.RegistrationTest.closeApp(RegistrationTest.java:42)
at com.facebook.registrationTests.RegistrationTest.closeApp(RegistrationTest.java:42)
at com.facebook.registrationTests.RegistrationTest.closeApp(RegistrationTest.java:42)
at com.facebook.registrationTests.RegistrationTest.closeApp(RegistrationTest.java:42)
at com.facebook.registrationTests.RegistrationTest.closeApp(RegistrationTest.java:42)
at com.facebook.registrationTests.RegistrationTest.closeApp(RegistrationTest.java:42)
at com.facebook.registrationTests.RegistrationTest.closeApp(RegistrationTest.java:42)
at com.facebook.registrationTests.RegistrationTest.closeApp(RegistrationTest.java:42)
at com.facebook.registrationTests.RegistrationTest.closeApp(RegistrationTest.java:42)
at com.facebook.registrationTests.RegistrationTest.closeApp(RegistrationTest.java:42)
at com.facebook.registrationTests.RegistrationTest.closeApp(RegistrationTest.java:42)
at com.facebook.registrationTests.RegistrationTest.closeApp(RegistrationTest.java:42)
at com.facebook.registrationTests.RegistrationTest.closeApp(RegistrationTest.java:42)
at com.facebook.registrationTests.RegistrationTest.closeApp(RegistrationTest.java:42)
at com.facebook.registrationTests.RegistrationTest.closeApp(RegistrationTest.java:42)
at com.facebook.registrationTests.RegistrationTest.closeApp(RegistrationTest.java:42)
at com.facebook.registrationTests.RegistrationTest.closeApp(RegistrationTest.java:42)
at com.facebook.registrationTests.RegistrationTest.closeApp(RegistrationTest.java:42)
at com.facebook.registrationTests.RegistrationTest.closeApp(RegistrationTest.java:42)
at com.facebook.registrationTests.RegistrationTest.closeApp(RegistrationTest.java:42)
at com.facebook.registrationTests.RegistrationTest.closeApp(RegistrationTest.java:42)
at com.facebook.registrationTests.RegistrationTest.closeApp(RegistrationTest.java:42)
at com.facebook.registrationTests.RegistrationTest.closeApp(RegistrationTest.java:42)
at com.facebook.registrationTests.RegistrationTest.closeApp(RegistrationTest.java:42)
at com.facebook.registrationTests.RegistrationTest.closeApp(RegistrationTest.java:42)
at com.facebook.registrationTests.RegistrationTest.closeApp(RegistrationTest.java:42)
at com.facebook.registrationTests.RegistrationTest.closeApp(RegistrationTest.java:42)
at com.facebook.registrationTests.RegistrationTest.closeApp(RegistrationTest.java:42)
at com.facebook.registrationTests.RegistrationTest.closeApp(RegistrationTest.java:42)
at com.facebook.registrationTests.RegistrationTest.closeApp(RegistrationTest.java:42)
at com.facebook.registrationTests.RegistrationTest.closeApp(RegistrationTest.java:42)
at com.facebook.registrationTests.RegistrationTest.closeApp(RegistrationTest.java:42)
at com.facebook.registrationTests.RegistrationTest.closeApp(RegistrationTest.java:42)
at com.facebook.registrationTests.RegistrationTest.closeApp(RegistrationTest.java:42)
at com.facebook.registrationTests.RegistrationTest.closeApp(RegistrationTest.java:42)
at com.facebook.registrationTests.RegistrationTest.closeApp(RegistrationTest.java:42)
at com.facebook.registrationTests.RegistrationTest.closeApp(RegistrationTest.java:42)
at com.facebook.registrationTests.RegistrationTest.closeApp(RegistrationTest.java:42)
at com.facebook.registrationTests.RegistrationTest.closeApp(RegistrationTest.java:42)
at com.facebook.registrationTests.RegistrationTest.closeApp(RegistrationTest.java:42)
at com.facebook.registrationTests.RegistrationTest.closeApp(RegistrationTest.java:42)
at com.facebook.registrationTests.RegistrationTest.closeApp(RegistrationTest.java:42)
at com.facebook.registrationTests.RegistrationTest.closeApp(RegistrationTest.java:42)
at com.facebook.registrationTests.RegistrationTest.closeApp(RegistrationTest.java:42)
at com.facebook.registrationTests.RegistrationTest.closeApp(RegistrationTest.java:42)
at com.facebook.registrationTests.RegistrationTest.closeApp(RegistrationTest.java:42)
at com.facebook.registrationTests.RegistrationTest.closeApp(RegistrationTest.java:42)
at com.facebook.registrationTests.RegistrationTest.closeApp(RegistrationTest.java:42)
at com.facebook.registrationTests.RegistrationTest.closeApp(RegistrationTest.java:42)
at com.facebook.registrationTests.RegistrationTest.closeApp(RegistrationTest.java:42)
at com.facebook.registrationTests.RegistrationTest.closeApp(RegistrationTest.java:42)
at com.facebook.registrationTests.RegistrationTest.closeApp(RegistrationTest.java:42)
at com.facebook.registrationTests.RegistrationTest.closeApp(RegistrationTest.java:42)
at com.facebook.registrationTests.RegistrationTest.closeApp(RegistrationTest.java:42)
at com.facebook.registrationTests.RegistrationTest.closeApp(RegistrationTest.java:42)
at com.facebook.registrationTests.RegistrationTest.closeApp(RegistrationTest.java:42)
at com.facebook.registrationTests.RegistrationTest.closeApp(RegistrationTest.java:42)
at com.facebook.registrationTests.RegistrationTest.closeApp(RegistrationTest.java:42)
at com.facebook.registrationTests.RegistrationTest.closeApp(RegistrationTest.java:42)
at com.facebook.registrationTests.RegistrationTest.closeApp(RegistrationTest.java:42)
at com.facebook.registrationTests.RegistrationTest.closeApp(RegistrationTest.java:42)
at com.facebook.registrationTests.RegistrationTest.closeApp(RegistrationTest.java:42)
at com.facebook.registrationTests.RegistrationTest.closeApp(RegistrationTest.java:42)
at com.facebook.registrationTests.RegistrationTest.closeApp(RegistrationTest.java:42)
at com.facebook.registrationTests.RegistrationTest.closeApp(RegistrationTest.java:42)
at com.facebook.registrationTests.RegistrationTest.closeApp(RegistrationTest.java:42)
at com.facebook.registrationTests.RegistrationTest.closeApp(RegistrationTest.java:42)
at com.facebook.registrationTests.RegistrationTest.closeApp(RegistrationTest.java:42)
at com.facebook.registrationTests.RegistrationTest.closeApp(RegistrationTest.java:42)
at com.facebook.registrationTests.RegistrationTest.closeApp(RegistrationTest.java:42)
at com.facebook.registrationTests.RegistrationTest.closeApp(RegistrationTest.java:42)
at com.facebook.registrationTests.RegistrationTest.closeApp(RegistrationTest.java:42)
at com.facebook.registrationTests.RegistrationTest.closeApp(RegistrationTest.java:42)
at com.facebook.registrationTests.RegistrationTest.closeApp(RegistrationTest.java:42)
at com.facebook.registrationTests.RegistrationTest.closeApp(RegistrationTest.java:42)
at com.facebook.registrationTests.RegistrationTest.closeApp(RegistrationTest.java:42)
at com.facebook.registrationTests.RegistrationTest.closeApp(RegistrationTest.java:42)
at com.facebook.registrationTests.RegistrationTest.closeApp(RegistrationTest.java:42)
at com.facebook.registrationTests.RegistrationTest.closeApp(RegistrationTest.java:42)
at com.facebook.registrationTests.RegistrationTest.closeApp(RegistrationTest.java:42)
at com.facebook.registrationTests.RegistrationTest.closeApp(RegistrationTest.java:42)
at com.facebook.registrationTests.RegistrationTest.closeApp(RegistrationTest.java:42)
at com.facebook.registrationTests.RegistrationTest.closeApp(RegistrationTest.java:42)
at com.facebook.registrationTests.RegistrationTest.closeApp(RegistrationTest.java:42)
at com.facebook.registrationTests.RegistrationTest.closeApp(RegistrationTest.java:42)
at com.facebook.registrationTests.RegistrationTest.closeApp(RegistrationTest.java:42)
at com.facebook.registrationTests.RegistrationTest.closeApp(RegistrationTest.java:42)
at com.facebook.registrationTests.RegistrationTest.closeApp(RegistrationTest.java:42)
at com.facebook.registrationTests.RegistrationTest.closeApp(RegistrationTest.java:42)
at com.facebook.registrationTests.RegistrationTest.closeApp(RegistrationTest.java:42)
at com.facebook.registrationTests.RegistrationTest.closeApp(RegistrationTest.java:42)
at com.facebook.registrationTests.RegistrationTest.closeApp(RegistrationTest.java:42)
at com.facebook.registrationTests.RegistrationTest.closeApp(RegistrationTest.java:42)
at com.facebook.registrationTests.RegistrationTest.closeApp(RegistrationTest.java:42)
at com.facebook.registrationTests.RegistrationTest.closeApp(RegistrationTest.java:42)
at com.facebook.registrationTests.RegistrationTest.closeApp(RegistrationTest.java:42)
at com.facebook.registrationTests.RegistrationTest.closeApp(RegistrationTest.java:42)
at com.facebook.registrationTests.RegistrationTest.closeApp(RegistrationTest.java:42)
at com.facebook.registrationTests.RegistrationTest.closeApp(RegistrationTest.java:42)
at com.facebook.registrationTests.RegistrationTest.closeApp(RegistrationTest.java:42)
at com.facebook.registrationTests.RegistrationTest.closeApp(RegistrationTest.java:42)
at com.facebook.registrationTests.RegistrationTest.closeApp(RegistrationTest.java:42)
at com.facebook.registrationTests.RegistrationTest.closeApp(RegistrationTest.java:42)
at com.facebook.registrationTests.RegistrationTest.closeApp(RegistrationTest.java:42)
at com.facebook.registrationTests.RegistrationTest.closeApp(RegistrationTest.java:42)
at com.facebook.registrationTests.RegistrationTest.closeApp(RegistrationTest.java:42)
at com.facebook.registrationTests.RegistrationTest.closeApp(RegistrationTest.java:42)
at com.facebook.registrationTests.RegistrationTest.closeApp(RegistrationTest.java:42)
at com.facebook.registrationTests.RegistrationTest.closeApp(RegistrationTest.java:42)
at com.facebook.registrationTests.RegistrationTest.closeApp(RegistrationTest.java:42)
at com.facebook.registrationTests.RegistrationTest.closeApp(RegistrationTest.java:42)
at com.facebook.registrationTests.RegistrationTest.closeApp(RegistrationTest.java:42)
at com.facebook.registrationTests.RegistrationTest.closeApp(RegistrationTest.java:42)
at com.facebook.registrationTests.RegistrationTest.closeApp(RegistrationTest.java:42)
at com.facebook.registrationTests.RegistrationTest.closeApp(RegistrationTest.java:42)
at com.facebook.registrationTests.RegistrationTest.closeApp(RegistrationTest.java:42)
at com.facebook.registrationTests.RegistrationTest.closeApp(RegistrationTest.java:42)
at com.facebook.registrationTests.RegistrationTest.closeApp(RegistrationTest.java:42)
at com.facebook.registrationTests.RegistrationTest.closeApp(RegistrationTest.java:42)
at com.facebook.registrationTests.RegistrationTest.closeApp(RegistrationTest.java:42)
at com.facebook.registrationTests.RegistrationTest.closeApp(RegistrationTest.java:42)
at com.facebook.registrationTests.RegistrationTest.closeApp(RegistrationTest.java:42)
at com.facebook.registrationTests.RegistrationTest.closeApp(RegistrationTest.java:42)
at com.facebook.registrationTests.RegistrationTest.closeApp(RegistrationTest.java:42)
at com.facebook.registrationTests.RegistrationTest.closeApp(RegistrationTest.java:42)
at com.facebook.registrationTests.RegistrationTest.closeApp(RegistrationTest.java:42)
at com.facebook.registrationTests.RegistrationTest.closeApp(RegistrationTest.java:42)
at com.facebook.registrationTests.RegistrationTest.closeApp(RegistrationTest.java:42)
at com.facebook.registrationTests.RegistrationTest.closeApp(RegistrationTest.java:42)
at com.facebook.registrationTests.RegistrationTest.closeApp(RegistrationTest.java:42)
at com.facebook.registrationTests.RegistrationTest.closeApp(RegistrationTest.java:42)
at com.facebook.registrationTests.RegistrationTest.closeApp(RegistrationTest.java:42)
at com.facebook.registrationTests.RegistrationTest.closeApp(RegistrationTest.java:42)
at com.facebook.registrationTests.RegistrationTest.closeApp(RegistrationTest.java:42)
at com.facebook.registrationTests.RegistrationTest.closeApp(RegistrationTest.java:42)
at com.facebook.registrationTests.RegistrationTest.closeApp(RegistrationTest.java:42)
at com.facebook.registrationTests.RegistrationTest.closeApp(RegistrationTest.java:42)
at com.facebook.registrationTests.RegistrationTest.closeApp(RegistrationTest.java:42)
at com.facebook.registrationTests.RegistrationTest.closeApp(RegistrationTest.java:42)
at com.facebook.registrationTests.RegistrationTest.closeApp(RegistrationTest.java:42)
at com.facebook.registrationTests.RegistrationTest.closeApp(RegistrationTest.java:42)
at com.facebook.registrationTests.RegistrationTest.closeApp(RegistrationTest.java:42)
at com.facebook.registrationTests.RegistrationTest.closeApp(RegistrationTest.java:42)
at com.facebook.registrationTests.RegistrationTest.closeApp(RegistrationTest.java:42)
at com.facebook.registrationTests.RegistrationTest.closeApp(RegistrationTest.java:42)
at com.facebook.registrationTests.RegistrationTest.closeApp(RegistrationTest.java:42)
at com.facebook.registrationTests.RegistrationTest.closeApp(RegistrationTest.java:42)
at com.facebook.registrationTests.RegistrationTest.closeApp(RegistrationTest.java:42)
at com.facebook.registrationTests.RegistrationTest.closeApp(RegistrationTest.java:42)
at com.facebook.registrationTests.RegistrationTest.closeApp(RegistrationTest.java:42)
at com.facebook.registrationTests.RegistrationTest.closeApp(RegistrationTest.java:42)
at com.facebook.registrationTests.RegistrationTest.closeApp(RegistrationTest.java:42)
at com.facebook.registrationTests.RegistrationTest.closeApp(RegistrationTest.java:42)
at com.facebook.registrationTests.RegistrationTest.closeApp(RegistrationTest.java:42)
at com.facebook.registrationTests.RegistrationTest.closeApp(RegistrationTest.java:42)
at com.facebook.registrationTests.RegistrationTest.closeApp(RegistrationTest.java:42)
at com.facebook.registrationTests.RegistrationTest.closeApp(RegistrationTest.java:42)
at com.facebook.registrationTests.RegistrationTest.closeApp(RegistrationTest.java:42)
at com.facebook.registrationTests.RegistrationTest.closeApp(RegistrationTest.java:42)
at com.facebook.registrationTests.RegistrationTest.closeApp(RegistrationTest.java:42)
at com.facebook.registrationTests.RegistrationTest.closeApp(RegistrationTest.java:42)
at com.facebook.registrationTests.RegistrationTest.closeApp(RegistrationTest.java:42)
at com.facebook.registrationTests.RegistrationTest.closeApp(RegistrationTest.java:42)
at com.facebook.registrationTests.RegistrationTest.closeApp(RegistrationTest.java:42)
at com.facebook.registrationTests.RegistrationTest.closeApp(RegistrationTest.java:42)
at com.facebook.registrationTests.RegistrationTest.closeApp(RegistrationTest.java:42)
at com.facebook.registrationTests.RegistrationTest.closeApp(RegistrationTest.java:42)
at com.facebook.registrationTests.RegistrationTest.closeApp(RegistrationTest.java:42)
at com.facebook.registrationTests.RegistrationTest.closeApp(RegistrationTest.java:42)
at com.facebook.registrationTests.RegistrationTest.closeApp(RegistrationTest.java:42)
at com.facebook.registrationTests.RegistrationTest.closeApp(RegistrationTest.java:42)
at com.facebook.registrationTests.RegistrationTest.closeApp(RegistrationTest.java:42)
at com.facebook.registrationTests.RegistrationTest.closeApp(RegistrationTest.java:42)
at com.facebook.registrationTests.RegistrationTest.closeApp(RegistrationTest.java:42)
at com.facebook.registrationTests.RegistrationTest.closeApp(RegistrationTest.java:42)
at com.facebook.registrationTests.RegistrationTest.closeApp(RegistrationTest.java:42)
at com.facebook.registrationTests.RegistrationTest.closeApp(RegistrationTest.java:42)
at com.facebook.registrationTests.RegistrationTest.closeApp(RegistrationTest.java:42)
at com.facebook.registrationTests.RegistrationTest.closeApp(RegistrationTest.java:42)
at com.facebook.registrationTests.RegistrationTest.closeApp(RegistrationTest.java:42)
at com.facebook.registrationTests.RegistrationTest.closeApp(RegistrationTest.java:42)
at com.facebook.registrationTests.RegistrationTest.closeApp(RegistrationTest.java:42)
at com.facebook.registrationTests.RegistrationTest.closeApp(RegistrationTest.java:42)
at com.facebook.registrationTests.RegistrationTest.closeApp(RegistrationTest.java:42)
at com.facebook.registrationTests.RegistrationTest.closeApp(RegistrationTest.java:42)
at com.facebook.registrationTests.RegistrationTest.closeApp(RegistrationTest.java:42)
at com.facebook.registrationTests.RegistrationTest.closeApp(RegistrationTest.java:42)
at com.facebook.registrationTests.RegistrationTest.closeApp(RegistrationTest.java:42)
at com.facebook.registrationTests.RegistrationTest.closeApp(RegistrationTest.java:42)
at com.facebook.registrationTests.RegistrationTest.closeApp(RegistrationTest.java:42)
at com.facebook.registrationTests.RegistrationTest.closeApp(RegistrationTest.java:42)
at com.facebook.registrationTests.RegistrationTest.closeApp(RegistrationTest.java:42)
at com.facebook.registrationTests.RegistrationTest.closeApp(RegistrationTest.java:42)
at com.facebook.registrationTests.RegistrationTest.closeApp(RegistrationTest.java:42)
at com.facebook.registrationTests.RegistrationTest.closeApp(RegistrationTest.java:42)
at com.facebook.registrationTests.RegistrationTest.closeApp(RegistrationTest.java:42)
at com.facebook.registrationTests.RegistrationTest.closeApp(RegistrationTest.java:42)
at com.facebook.registrationTests.RegistrationTest.closeApp(RegistrationTest.java:42)
at com.facebook.registrationTests.RegistrationTest.closeApp(RegistrationTest.java:42)
at com.facebook.registrationTests.RegistrationTest.closeApp(RegistrationTest.java:42)
at com.facebook.registrationTests.RegistrationTest.closeApp(RegistrationTest.java:42)
at com.facebook.registrationTests.RegistrationTest.closeApp(RegistrationTest.java:42)
at com.facebook.registrationTests.RegistrationTest.closeApp(RegistrationTest.java:42)
at com.facebook.registrationTests.RegistrationTest.closeApp(RegistrationTest.java:42)
at com.facebook.registrationTests.RegistrationTest.closeApp(RegistrationTest.java:42)
at com.facebook.registrationTests.RegistrationTest.closeApp(RegistrationTest.java:42)
at com.facebook.registrationTests.RegistrationTest.closeApp(RegistrationTest.java:42)
at com.facebook.registrationTests.RegistrationTest.closeApp(RegistrationTest.java:42)
at com.facebook.registrationTests.RegistrationTest.closeApp(RegistrationTest.java:42)
at com.facebook.registrationTests.RegistrationTest.closeApp(RegistrationTest.java:42)
at com.facebook.registrationTests.RegistrationTest.closeApp(RegistrationTest.java:42)
at com.facebook.registrationTests.RegistrationTest.closeApp(RegistrationTest.java:42)
at com.facebook.registrationTests.RegistrationTest.closeApp(RegistrationTest.java:42)
at com.facebook.registrationTests.RegistrationTest.closeApp(RegistrationTest.java:42)
at com.facebook.registrationTests.RegistrationTest.closeApp(RegistrationTest.java:42)
at com.facebook.registrationTests.RegistrationTest.closeApp(RegistrationTest.java:42)
at com.facebook.registrationTests.RegistrationTest.closeApp(RegistrationTest.java:42)
at com.facebook.registrationTests.RegistrationTest.closeApp(RegistrationTest.java:42)
at com.facebook.registrationTests.RegistrationTest.closeApp(RegistrationTest.java:42)
at com.facebook.registrationTests.RegistrationTest.closeApp(RegistrationTest.java:42)
at com.facebook.registrationTests.RegistrationTest.closeApp(RegistrationTest.java:42)
at com.facebook.registrationTests.RegistrationTest.closeApp(RegistrationTest.java:42)
at com.facebook.registrationTests.RegistrationTest.closeApp(RegistrationTest.java:42)
at com.facebook.registrationTests.RegistrationTest.closeApp(RegistrationTest.java:42)
at com.facebook.registrationTests.RegistrationTest.closeApp(RegistrationTest.java:42)
at com.facebook.registrationTests.RegistrationTest.closeApp(RegistrationTest.java:42)
at com.facebook.registrationTests.RegistrationTest.closeApp(RegistrationTest.java:42)
at com.facebook.registrationTests.RegistrationTest.closeApp(RegistrationTest.java:42)
at com.facebook.registrationTests.RegistrationTest.closeApp(RegistrationTest.java:42)
at com.facebook.registrationTests.RegistrationTest.closeApp(RegistrationTest.java:42)
at com.facebook.registrationTests.RegistrationTest.closeApp(RegistrationTest.java:42)
at com.facebook.registrationTests.RegistrationTest.closeApp(RegistrationTest.java:42)
at com.facebook.registrationTests.RegistrationTest.closeApp(RegistrationTest.java:42)
at com.facebook.registrationTests.RegistrationTest.closeApp(RegistrationTest.java:42)
at com.facebook.registrationTests.RegistrationTest.closeApp(RegistrationTest.java:42)
at com.facebook.registrationTests.RegistrationTest.closeApp(RegistrationTest.java:42)
at com.facebook.registrationTests.RegistrationTest.closeApp(RegistrationTest.java:42)
at com.facebook.registrationTests.RegistrationTest.closeApp(RegistrationTest.java:42)
at com.facebook.registrationTests.RegistrationTest.closeApp(RegistrationTest.java:42)
at com.facebook.registrationTests.RegistrationTest.closeApp(RegistrationTest.java:42)
at com.facebook.registrationTests.RegistrationTest.closeApp(RegistrationTest.java:42)
at com.facebook.registrationTests.RegistrationTest.closeApp(RegistrationTest.java:42)
at com.facebook.registrationTests.RegistrationTest.closeApp(RegistrationTest.java:42)
at com.facebook.registrationTests.RegistrationTest.closeApp(RegistrationTest.java:42)
at com.facebook.registrationTests.RegistrationTest.closeApp(RegistrationTest.java:42)
at com.facebook.registrationTests.RegistrationTest.closeApp(RegistrationTest.java:42)
at com.facebook.registrationTests.RegistrationTest.closeApp(RegistrationTest.java:42)
at com.facebook.registrationTests.RegistrationTest.closeApp(RegistrationTest.java:42)
at com.facebook.registrationTests.RegistrationTest.closeApp(RegistrationTest.java:42)
at com.facebook.registrationTests.RegistrationTest.closeApp(RegistrationTest.java:42)
at com.facebook.registrationTests.RegistrationTest.closeApp(RegistrationTest.java:42)
at com.facebook.registrationTests.RegistrationTest.closeApp(RegistrationTest.java:42)
at com.facebook.registrationTests.RegistrationTest.closeApp(RegistrationTest.java:42)
at com.facebook.registrationTests.RegistrationTest.closeApp(RegistrationTest.java:42)
at com.facebook.registrationTests.RegistrationTest.closeApp(RegistrationTest.java:42)
at com.facebook.registrationTests.RegistrationTest.closeApp(RegistrationTest.java:42)
at com.facebook.registrationTests.RegistrationTest.closeApp(RegistrationTest.java:42)
at com.facebook.registrationTests.RegistrationTest.closeApp(RegistrationTest.java:42)
at com.facebook.registrationTests.RegistrationTest.closeApp(RegistrationTest.java:42)
at com.facebook.registrationTests.RegistrationTest.closeApp(RegistrationTest.java:42)
at com.facebook.registrationTests.RegistrationTest.closeApp(RegistrationTest.java:42)
at com.facebook.registrationTests.RegistrationTest.closeApp(RegistrationTest.java:42)
at com.facebook.registrationTests.RegistrationTest.closeApp(RegistrationTest.java:42)
at com.facebook.registrationTests.RegistrationTest.closeApp(RegistrationTest.java:42)
at com.facebook.registrationTests.RegistrationTest.closeApp(RegistrationTest.java:42)
at com.facebook.registrationTests.RegistrationTest.closeApp(RegistrationTest.java:42)
at com.facebook.registrationTests.RegistrationTest.closeApp(RegistrationTest.java:42)
at com.facebook.registrationTests.RegistrationTest.closeApp(RegistrationTest.java:42)
at com.facebook.registrationTests.RegistrationTest.closeApp(RegistrationTest.java:42)
at com.facebook.registrationTests.RegistrationTest.closeApp(RegistrationTest.java:42)
at com.facebook.registrationTests.RegistrationTest.closeApp(RegistrationTest.java:42)
at com.facebook.registrationTests.RegistrationTest.closeApp(RegistrationTest.java:42)
at com.facebook.registrationTests.RegistrationTest.closeApp(RegistrationTest.java:42)
at com.facebook.registrationTests.RegistrationTest.closeApp(RegistrationTest.java:42)
at com.facebook.registrationTests.RegistrationTest.closeApp(RegistrationTest.java:42)
at com.facebook.registrationTests.RegistrationTest.closeApp(RegistrationTest.java:42)
at com.facebook.registrationTests.RegistrationTest.closeApp(RegistrationTest.java:42)
at com.facebook.registrationTests.RegistrationTest.closeApp(RegistrationTest.java:42)
at com.facebook.registrationTests.RegistrationTest.closeApp(RegistrationTest.java:42)
at com.facebook.registrationTests.RegistrationTest.closeApp(RegistrationTest.java:42)
at com.facebook.registrationTests.RegistrationTest.closeApp(RegistrationTest.java:42)
at com.facebook.registrationTests.RegistrationTest.closeApp(RegistrationTest.java:42)
at com.facebook.registrationTests.RegistrationTest.closeApp(RegistrationTest.java:42)
at com.facebook.registrationTests.RegistrationTest.closeApp(RegistrationTest.java:42)
at com.facebook.registrationTests.RegistrationTest.closeApp(RegistrationTest.java:42)
at com.facebook.registrationTests.RegistrationTest.closeApp(RegistrationTest.java:42)
at com.facebook.registrationTests.RegistrationTest.closeApp(RegistrationTest.java:42)
at com.facebook.registrationTests.RegistrationTest.closeApp(RegistrationTest.java:42)
at com.facebook.registrationTests.RegistrationTest.closeApp(RegistrationTest.java:42)
at com.facebook.registrationTests.RegistrationTest.closeApp(RegistrationTest.java:42)
at com.facebook.registrationTests.RegistrationTest.closeApp(RegistrationTest.java:42)
at com.facebook.registrationTests.RegistrationTest.closeApp(RegistrationTest.java:42)
at com.facebook.registrationTests.RegistrationTest.closeApp(RegistrationTest.java:42)
at com.facebook.registrationTests.RegistrationTest.closeApp(RegistrationTest.java:42)
at com.facebook.registrationTests.RegistrationTest.closeApp(RegistrationTest.java:42)
at com.facebook.registrationTests.RegistrationTest.closeApp(RegistrationTest.java:42)
at com.facebook.registrationTests.RegistrationTest.closeApp(RegistrationTest.java:42)
at com.facebook.registrationTests.RegistrationTest.closeApp(RegistrationTest.java:42)
at com.facebook.registrationTests.RegistrationTest.closeApp(RegistrationTest.java:42)
at com.facebook.registrationTests.RegistrationTest.closeApp(RegistrationTest.java:42)
at com.facebook.registrationTests.RegistrationTest.closeApp(RegistrationTest.java:42)
at com.facebook.registrationTests.RegistrationTest.closeApp(RegistrationTest.java:42)
at com.facebook.registrationTests.RegistrationTest.closeApp(RegistrationTest.java:42)
at com.facebook.registrationTests.RegistrationTest.closeApp(RegistrationTest.java:42)
at com.facebook.registrationTests.RegistrationTest.closeApp(RegistrationTest.java:42)
at com.facebook.registrationTests.RegistrationTest.closeApp(RegistrationTest.java:42)
at com.facebook.registrationTests.RegistrationTest.closeApp(RegistrationTest.java:42)
at com.facebook.registrationTests.RegistrationTest.closeApp(RegistrationTest.java:42)
at com.facebook.registrationTests.RegistrationTest.closeApp(RegistrationTest.java:42)
at com.facebook.registrationTests.RegistrationTest.closeApp(RegistrationTest.java:42)
at com.facebook.registrationTests.RegistrationTest.closeApp(RegistrationTest.java:42)
at com.facebook.registrationTests.RegistrationTest.closeApp(RegistrationTest.java:42)
at com.facebook.registrationTests.RegistrationTest.closeApp(RegistrationTest.java:42)
at com.facebook.registrationTests.RegistrationTest.closeApp(RegistrationTest.java:42)
at com.facebook.registrationTests.RegistrationTest.closeApp(RegistrationTest.java:42)
at com.facebook.registrationTests.RegistrationTest.closeApp(RegistrationTest.java:42)
at com.facebook.registrationTests.RegistrationTest.closeApp(RegistrationTest.java:42)
at com.facebook.registrationTests.RegistrationTest.closeApp(RegistrationTest.java:42)
at com.facebook.registrationTests.RegistrationTest.closeApp(RegistrationTest.java:42)
at com.facebook.registrationTests.RegistrationTest.closeApp(RegistrationTest.java:42)
at com.facebook.registrationTests.RegistrationTest.closeApp(RegistrationTest.java:42)
at com.facebook.registrationTests.RegistrationTest.closeApp(RegistrationTest.java:42)
at com.facebook.registrationTests.RegistrationTest.closeApp(RegistrationTest.java:42)
at com.facebook.registrationTests.RegistrationTest.closeApp(RegistrationTest.java:42)
at com.facebook.registrationTests.RegistrationTest.closeApp(RegistrationTest.java:42)
at com.facebook.registrationTests.RegistrationTest.closeApp(RegistrationTest.java:42)
at com.facebook.registrationTests.RegistrationTest.closeApp(RegistrationTest.java:42)
at com.facebook.registrationTests.RegistrationTest.closeApp(RegistrationTest.java:42)
at com.facebook.registrationTests.RegistrationTest.closeApp(RegistrationTest.java:42)
at com.facebook.registrationTests.RegistrationTest.closeApp(RegistrationTest.java:42)
at com.facebook.registrationTests.RegistrationTest.closeApp(RegistrationTest.java:42)
at com.facebook.registrationTests.RegistrationTest.closeApp(RegistrationTest.java:42)
at com.facebook.registrationTests.RegistrationTest.closeApp(RegistrationTest.java:42)
at com.facebook.registrationTests.RegistrationTest.closeApp(RegistrationTest.java:42)
at com.facebook.registrationTests.RegistrationTest.closeApp(RegistrationTest.java:42)
at com.facebook.registrationTests.RegistrationTest.closeApp(RegistrationTest.java:42)
at com.facebook.registrationTests.RegistrationTest.closeApp(RegistrationTest.java:42)
at com.facebook.registrationTests.RegistrationTest.closeApp(RegistrationTest.java:42)
at com.facebook.registrationTests.RegistrationTest.closeApp(RegistrationTest.java:42)
at com.facebook.registrationTests.RegistrationTest.closeApp(RegistrationTest.java:42)
at com.facebook.registrationTests.RegistrationTest.closeApp(RegistrationTest.java:42)
at com.facebook.registrationTests.RegistrationTest.closeApp(RegistrationTest.java:42)
at com.facebook.registrationTests.RegistrationTest.closeApp(RegistrationTest.java:42)
at com.facebook.registrationTests.RegistrationTest.closeApp(RegistrationTest.java:42)
at com.facebook.registrationTests.RegistrationTest.closeApp(RegistrationTest.java:42)
at com.facebook.registrationTests.RegistrationTest.closeApp(RegistrationTest.java:42)
at com.facebook.registrationTests.RegistrationTest.closeApp(RegistrationTest.java:42)
at com.facebook.registrationTests.RegistrationTest.closeApp(RegistrationTest.java:42)
at com.facebook.registrationTests.RegistrationTest.closeApp(RegistrationTest.java:42)
at com.facebook.registrationTests.RegistrationTest.closeApp(RegistrationTest.java:42)
at com.facebook.registrationTests.RegistrationTest.closeApp(RegistrationTest.java:42)
at com.facebook.registrationTests.RegistrationTest.closeApp(RegistrationTest.java:42)
at com.facebook.registrationTests.RegistrationTest.closeApp(RegistrationTest.java:42)
at com.facebook.registrationTests.RegistrationTest.closeApp(RegistrationTest.java:42)
at com.facebook.registrationTests.RegistrationTest.closeApp(RegistrationTest.java:42)
at com.facebook.registrationTests.RegistrationTest.closeApp(RegistrationTest.java:42)
at com.facebook.registrationTests.RegistrationTest.closeApp(RegistrationTest.java:42)
at com.facebook.registrationTests.RegistrationTest.closeApp(RegistrationTest.java:42)
at com.facebook.registrationTests.RegistrationTest.closeApp(RegistrationTest.java:42)
at com.facebook.registrationTests.RegistrationTest.closeApp(RegistrationTest.java:42)
at com.facebook.registrationTests.RegistrationTest.closeApp(RegistrationTest.java:42)
at com.facebook.registrationTests.RegistrationTest.closeApp(RegistrationTest.java:42)
at com.facebook.registrationTests.RegistrationTest.closeApp(RegistrationTest.java:42)
at com.facebook.registrationTests.RegistrationTest.closeApp(RegistrationTest.java:42)
at com.facebook.registrationTests.RegistrationTest.closeApp(RegistrationTest.java:42)
at com.facebook.registrationTests.RegistrationTest.closeApp(RegistrationTest.java:42)
at com.facebook.registrationTests.RegistrationTest.closeApp(RegistrationTest.java:42)
at com.facebook.registrationTests.RegistrationTest.closeApp(RegistrationTest.java:42)
at com.facebook.registrationTests.RegistrationTest.closeApp(RegistrationTest.java:42)
at com.facebook.registrationTests.RegistrationTest.closeApp(RegistrationTest.java:42)
at com.facebook.registrationTests.RegistrationTest.closeApp(RegistrationTest.java:42)
at com.facebook.registrationTests.RegistrationTest.closeApp(RegistrationTest.java:42)
at com.facebook.registrationTests.RegistrationTest.closeApp(RegistrationTest.java:42)
at com.facebook.registrationTests.RegistrationTest.closeApp(RegistrationTest.java:42)
at com.facebook.registrationTests.RegistrationTest.closeApp(RegistrationTest.java:42)
at com.facebook.registrationTests.RegistrationTest.closeApp(RegistrationTest.java:42)
at com.facebook.registrationTests.RegistrationTest.closeApp(RegistrationTest.java:42)
at com.facebook.registrationTests.RegistrationTest.closeApp(RegistrationTest.java:42)
at com.facebook.registrationTests.RegistrationTest.closeApp(RegistrationTest.java:42)
at com.facebook.registrationTests.RegistrationTest.closeApp(RegistrationTest.java:42)
at com.facebook.registrationTests.RegistrationTest.closeApp(RegistrationTest.java:42)
at com.facebook.registrationTests.RegistrationTest.closeApp(RegistrationTest.java:42)
at com.facebook.registrationTests.RegistrationTest.closeApp(RegistrationTest.java:42)
at com.facebook.registrationTests.RegistrationTest.closeApp(RegistrationTest.java:42)
at com.facebook.registrationTests.RegistrationTest.closeApp(RegistrationTest.java:42)
at com.facebook.registrationTests.RegistrationTest.closeApp(RegistrationTest.java:42)
at com.facebook.registrationTests.RegistrationTest.closeApp(RegistrationTest.java:42)
at com.facebook.registrationTests.RegistrationTest.closeApp(RegistrationTest.java:42)
at com.facebook.registrationTests.RegistrationTest.closeApp(RegistrationTest.java:42)
at com.facebook.registrationTests.RegistrationTest.closeApp(RegistrationTest.java:42)
at com.facebook.registrationTests.RegistrationTest.closeApp(RegistrationTest.java:42)
at com.facebook.registrationTests.RegistrationTest.closeApp(RegistrationTest.java:42)
at com.facebook.registrationTests.RegistrationTest.closeApp(RegistrationTest.java:42)
at com.facebook.registrationTests.RegistrationTest.closeApp(RegistrationTest.java:42)
at com.facebook.registrationTests.RegistrationTest.closeApp(RegistrationTest.java:42)
at com.facebook.registrationTests.RegistrationTest.closeApp(RegistrationTest.java:42)
at com.facebook.registrationTests.RegistrationTest.closeApp(RegistrationTest.java:42)
at com.facebook.registrationTests.RegistrationTest.closeApp(RegistrationTest.java:42)
at com.facebook.registrationTests.RegistrationTest.closeApp(RegistrationTest.java:42)
at com.facebook.registrationTests.RegistrationTest.closeApp(RegistrationTest.java:42)
at com.facebook.registrationTests.RegistrationTest.closeApp(RegistrationTest.java:42)
at com.facebook.registrationTests.RegistrationTest.closeApp(RegistrationTest.java:42)
at com.facebook.registrationTests.RegistrationTest.closeApp(RegistrationTest.java:42)
at com.facebook.registrationTests.RegistrationTest.closeApp(RegistrationTest.java:42)
at com.facebook.registrationTests.RegistrationTest.closeApp(RegistrationTest.java:42)
at com.facebook.registrationTests.RegistrationTest.closeApp(RegistrationTest.java:42)
at com.facebook.registrationTests.RegistrationTest.closeApp(RegistrationTest.java:42)
at com.facebook.registrationTests.RegistrationTest.closeApp(RegistrationTest.java:42)
at com.facebook.registrationTests.RegistrationTest.closeApp(RegistrationTest.java:42)
at com.facebook.registrationTests.RegistrationTest.closeApp(RegistrationTest.java:42)
at com.facebook.registrationTests.RegistrationTest.closeApp(RegistrationTest.java:42)
at com.facebook.registrationTests.RegistrationTest.closeApp(RegistrationTest.java:42)
at com.facebook.registrationTests.RegistrationTest.closeApp(RegistrationTest.java:42)
at com.facebook.registrationTests.RegistrationTest.closeApp(RegistrationTest.java:42)
at com.facebook.registrationTests.RegistrationTest.closeApp(RegistrationTest.java:42)
at com.facebook.registrationTests.RegistrationTest.closeApp(RegistrationTest.java:42)
at com.facebook.registrationTests.RegistrationTest.closeApp(RegistrationTest.java:42)
at com.facebook.registrationTests.RegistrationTest.closeApp(RegistrationTest.java:42)
at com.facebook.registrationTests.RegistrationTest.closeApp(RegistrationTest.java:42)
at com.facebook.registrationTests.RegistrationTest.closeApp(RegistrationTest.java:42)
at com.facebook.registrationTests.RegistrationTest.closeApp(RegistrationTest.java:42)
at com.facebook.registrationTests.RegistrationTest.closeApp(RegistrationTest.java:42)
at com.facebook.registrationTests.RegistrationTest.closeApp(RegistrationTest.java:42)
at com.facebook.registrationTests.RegistrationTest.closeApp(RegistrationTest.java:42)
at com.facebook.registrationTests.RegistrationTest.closeApp(RegistrationTest.java:42)
at com.facebook.registrationTests.RegistrationTest.closeApp(RegistrationTest.java:42)
at com.facebook.registrationTests.RegistrationTest.closeApp(RegistrationTest.java:42)
at com.facebook.registrationTests.RegistrationTest.closeApp(RegistrationTest.java:42)
at com.facebook.registrationTests.RegistrationTest.closeApp(RegistrationTest.java:42)
at com.facebook.registrationTests.RegistrationTest.closeApp(RegistrationTest.java:42)
at com.facebook.registrationTests.RegistrationTest.closeApp(RegistrationTest.java:42)
at com.facebook.registrationTests.RegistrationTest.closeApp(RegistrationTest.java:42)
at com.facebook.registrationTests.RegistrationTest.closeApp(RegistrationTest.java:42)
at com.facebook.registrationTests.RegistrationTest.closeApp(RegistrationTest.java:42)
at com.facebook.registrationTests.RegistrationTest.closeApp(RegistrationTest.java:42)
at com.facebook.registrationTests.RegistrationTest.closeApp(RegistrationTest.java:42)
at com.facebook.registrationTests.RegistrationTest.closeApp(RegistrationTest.java:42)
at com.facebook.registrationTests.RegistrationTest.closeApp(RegistrationTest.java:42)
at com.facebook.registrationTests.RegistrationTest.closeApp(RegistrationTest.java:42)
at com.facebook.registrationTests.RegistrationTest.closeApp(RegistrationTest.java:42)
at com.facebook.registrationTests.RegistrationTest.closeApp(RegistrationTest.java:42)
at com.facebook.registrationTests.RegistrationTest.closeApp(RegistrationTest.java:42)
at com.facebook.registrationTests.RegistrationTest.closeApp(RegistrationTest.java:42)
at com.facebook.registrationTests.RegistrationTest.closeApp(RegistrationTest.java:42)
at com.facebook.registrationTests.RegistrationTest.closeApp(RegistrationTest.java:42)
at com.facebook.registrationTests.RegistrationTest.closeApp(RegistrationTest.java:42)
at com.facebook.registrationTests.RegistrationTest.closeApp(RegistrationTest.java:42)
at com.facebook.registrationTests.RegistrationTest.closeApp(RegistrationTest.java:42)
at com.facebook.registrationTests.RegistrationTest.closeApp(RegistrationTest.java:42)
at com.facebook.registrationTests.RegistrationTest.closeApp(RegistrationTest.java:42)
at com.facebook.registrationTests.RegistrationTest.closeApp(RegistrationTest.java:42)
at com.facebook.registrationTests.RegistrationTest.closeApp(RegistrationTest.java:42)
at com.facebook.registrationTests.RegistrationTest.closeApp(RegistrationTest.java:42)
at com.facebook.registrationTests.RegistrationTest.closeApp(RegistrationTest.java:42)
at com.facebook.registrationTests.RegistrationTest.closeApp(RegistrationTest.java:42)
at com.facebook.registrationTests.RegistrationTest.closeApp(RegistrationTest.java:42)
at com.facebook.registrationTests.RegistrationTest.closeApp(RegistrationTest.java:42)
at com.facebook.registrationTests.RegistrationTest.closeApp(RegistrationTest.java:42)
at com.facebook.registrationTests.RegistrationTest.closeApp(RegistrationTest.java:42)
at com.facebook.registrationTests.RegistrationTest.closeApp(RegistrationTest.java:42)
at com.facebook.registrationTests.RegistrationTest.closeApp(RegistrationTest.java:42)
at com.facebook.registrationTests.RegistrationTest.closeApp(RegistrationTest.java:42)
at com.facebook.registrationTests.RegistrationTest.closeApp(RegistrationTest.java:42)
at com.facebook.registrationTests.RegistrationTest.closeApp(RegistrationTest.java:42)
at com.facebook.registrationTests.RegistrationTest.closeApp(RegistrationTest.java:42)
at com.facebook.registrationTests.RegistrationTest.closeApp(RegistrationTest.java:42)
at com.facebook.registrationTests.RegistrationTest.closeApp(RegistrationTest.java:42)
at com.facebook.registrationTests.RegistrationTest.closeApp(RegistrationTest.java:42)
at com.facebook.registrationTests.RegistrationTest.closeApp(RegistrationTest.java:42)
at com.facebook.registrationTests.RegistrationTest.closeApp(RegistrationTest.java:42)
at com.facebook.registrationTests.RegistrationTest.closeApp(RegistrationTest.java:42)
at com.facebook.registrationTests.RegistrationTest.closeApp(RegistrationTest.java:42)
at com.facebook.registrationTests.RegistrationTest.closeApp(RegistrationTest.java:42)
at com.facebook.registrationTests.RegistrationTest.closeApp(RegistrationTest.java:42)
at com.facebook.registrationTests.RegistrationTest.closeApp(RegistrationTest.java:42)
at com.facebook.registrationTests.RegistrationTest.closeApp(RegistrationTest.java:42)
at com.facebook.registrationTests.RegistrationTest.closeApp(RegistrationTest.java:42)
at com.facebook.registrationTests.RegistrationTest.closeApp(RegistrationTest.java:42)
at com.facebook.registrationTests.RegistrationTest.closeApp(RegistrationTest.java:42)
at com.facebook.registrationTests.RegistrationTest.closeApp(RegistrationTest.java:42)
at com.facebook.registrationTests.RegistrationTest.closeApp(RegistrationTest.java:42)
at com.facebook.registrationTests.RegistrationTest.closeApp(RegistrationTest.java:42)
at com.facebook.registrationTests.RegistrationTest.closeApp(RegistrationTest.java:42)
at com.facebook.registrationTests.RegistrationTest.closeApp(RegistrationTest.java:42)
at com.facebook.registrationTests.RegistrationTest.closeApp(RegistrationTest.java:42)
at com.facebook.registrationTests.RegistrationTest.closeApp(RegistrationTest.java:42)
at com.facebook.registrationTests.RegistrationTest.closeApp(RegistrationTest.java:42)
at com.facebook.registrationTests.RegistrationTest.closeApp(RegistrationTest.java:42)
at com.facebook.registrationTests.RegistrationTest.closeApp(RegistrationTest.java:42)
at com.facebook.registrationTests.RegistrationTest.closeApp(RegistrationTest.java:42)
at com.facebook.registrationTests.RegistrationTest.closeApp(RegistrationTest.java:42)
at com.facebook.registrationTests.RegistrationTest.closeApp(RegistrationTest.java:42)
at com.facebook.registrationTests.RegistrationTest.closeApp(RegistrationTest.java:42)
at com.facebook.registrationTests.RegistrationTest.closeApp(RegistrationTest.java:42)
at com.facebook.registrationTests.RegistrationTest.closeApp(RegistrationTest.java:42)
at com.facebook.registrationTests.RegistrationTest.closeApp(RegistrationTest.java:42)
at com.facebook.registrationTests.RegistrationTest.closeApp(RegistrationTest.java:42)
at com.facebook.registrationTests.RegistrationTest.closeApp(RegistrationTest.java:42)
at com.facebook.registrationTests.RegistrationTest.closeApp(RegistrationTest.java:42)
at com.facebook.registrationTests.RegistrationTest.closeApp(RegistrationTest.java:42)
at com.facebook.registrationTests.RegistrationTest.closeApp(RegistrationTest.java:42)
at com.facebook.registrationTests.RegistrationTest.closeApp(RegistrationTest.java:42)
at com.facebook.registrationTests.RegistrationTest.closeApp(RegistrationTest.java:42)
at com.facebook.registrationTests.RegistrationTest.closeApp(RegistrationTest.java:42)
at com.facebook.registrationTests.RegistrationTest.closeApp(RegistrationTest.java:42)
at com.facebook.registrationTests.RegistrationTest.closeApp(RegistrationTest.java:42)
at com.facebook.registrationTests.RegistrationTest.closeApp(RegistrationTest.java:42)
at com.facebook.registrationTests.RegistrationTest.closeApp(RegistrationTest.java:42)
at com.facebook.registrationTests.RegistrationTest.closeApp(RegistrationTest.java:42)
at com.facebook.registrationTests.RegistrationTest.closeApp(RegistrationTest.java:42)
at com.facebook.registrationTests.RegistrationTest.closeApp(RegistrationTest.java:42)
at com.facebook.registrationTests.RegistrationTest.closeApp(RegistrationTest.java:42)
at com.facebook.registrationTests.RegistrationTest.closeApp(RegistrationTest.java:42)
at com.facebook.registrationTests.RegistrationTest.closeApp(RegistrationTest.java:42)
at com.facebook.registrationTests.RegistrationTest.closeApp(RegistrationTest.java:42)
at com.facebook.registrationTests.RegistrationTest.closeApp(RegistrationTest.java:42)
at com.facebook.registrationTests.RegistrationTest.closeApp(RegistrationTest.java:42)
at com.facebook.registrationTests.RegistrationTest.closeApp(RegistrationTest.java:42)
at com.facebook.registrationTests.RegistrationTest.closeApp(RegistrationTest.java:42)
at com.facebook.registrationTests.RegistrationTest.closeApp(RegistrationTest.java:42)
at com.facebook.registrationTests.RegistrationTest.closeApp(RegistrationTest.java:42)
at com.facebook.registrationTests.RegistrationTest.closeApp(RegistrationTest.java:42)
at com.facebook.registrationTests.RegistrationTest.closeApp(RegistrationTest.java:42)
at com.facebook.registrationTests.RegistrationTest.closeApp(RegistrationTest.java:42)
at com.facebook.registrationTests.RegistrationTest.closeApp(RegistrationTest.java:42)
at com.facebook.registrationTests.RegistrationTest.closeApp(RegistrationTest.java:42)
at com.facebook.registrationTests.RegistrationTest.closeApp(RegistrationTest.java:42)
at com.facebook.registrationTests.RegistrationTest.closeApp(RegistrationTest.java:42)
at com.facebook.registrationTests.RegistrationTest.closeApp(RegistrationTest.java:42)
at com.facebook.registrationTests.RegistrationTest.closeApp(RegistrationTest.java:42)
at com.facebook.registrationTests.RegistrationTest.closeApp(RegistrationTest.java:42)
at com.facebook.registrationTests.RegistrationTest.closeApp(RegistrationTest.java:42)
at com.facebook.registrationTests.RegistrationTest.closeApp(RegistrationTest.java:42)
at com.facebook.registrationTests.RegistrationTest.closeApp(RegistrationTest.java:42)
at com.facebook.registrationTests.RegistrationTest.closeApp(RegistrationTest.java:42)
at com.facebook.registrationTests.RegistrationTest.closeApp(RegistrationTest.java:42)
at com.facebook.registrationTests.RegistrationTest.closeApp(RegistrationTest.java:42)
at com.facebook.registrationTests.RegistrationTest.closeApp(RegistrationTest.java:42)
at com.facebook.registrationTests.RegistrationTest.closeApp(RegistrationTest.java:42)
at com.facebook.registrationTests.RegistrationTest.closeApp(RegistrationTest.java:42)
at com.facebook.registrationTests.RegistrationTest.closeApp(RegistrationTest.java:42)
at com.facebook.registrationTests.RegistrationTest.closeApp(RegistrationTest.java:42)
at com.facebook.registrationTests.RegistrationTest.closeApp(RegistrationTest.java:42)
at com.facebook.registrationTests.RegistrationTest.closeApp(RegistrationTest.java:42)
at com.facebook.registrationTests.RegistrationTest.closeApp(RegistrationTest.java:42)
at com.facebook.registrationTests.RegistrationTest.closeApp(RegistrationTest.java:42)
at com.facebook.registrationTests.RegistrationTest.closeApp(RegistrationTest.java:42)
at com.facebook.registrationTests.RegistrationTest.closeApp(RegistrationTest.java:42)
at com.facebook.registrationTests.RegistrationTest.closeApp(RegistrationTest.java:42)
at com.facebook.registrationTests.RegistrationTest.closeApp(RegistrationTest.java:42)
at com.facebook.registrationTests.RegistrationTest.closeApp(RegistrationTest.java:42)
at com.facebook.registrationTests.RegistrationTest.closeApp(RegistrationTest.java:42)
at com.facebook.registrationTests.RegistrationTest.closeApp(RegistrationTest.java:42)
at com.facebook.registrationTests.RegistrationTest.closeApp(RegistrationTest.java:42)
at com.facebook.registrationTests.RegistrationTest.closeApp(RegistrationTest.java:42)
at com.facebook.registrationTests.RegistrationTest.closeApp(RegistrationTest.java:42)
at com.facebook.registrationTests.RegistrationTest.closeApp(RegistrationTest.java:42)
at com.facebook.registrationTests.RegistrationTest.closeApp(RegistrationTest.java:42)
at com.facebook.registrationTests.RegistrationTest.closeApp(RegistrationTest.java:42)
at com.facebook.registrationTests.RegistrationTest.closeApp(RegistrationTest.java:42)
at com.facebook.registrationTests.RegistrationTest.closeApp(RegistrationTest.java:42)
at com.facebook.registrationTests.RegistrationTest.closeApp(RegistrationTest.java:42)
at com.facebook.registrationTests.RegistrationTest.closeApp(RegistrationTest.java:42)
at com.facebook.registrationTests.RegistrationTest.closeApp(RegistrationTest.java:42)
at com.facebook.registrationTests.RegistrationTest.closeApp(RegistrationTest.java:42)
at com.facebook.registrationTests.RegistrationTest.closeApp(RegistrationTest.java:42)
at com.facebook.registrationTests.RegistrationTest.closeApp(RegistrationTest.java:42)
at com.facebook.registrationTests.RegistrationTest.closeApp(RegistrationTest.java:42)
at com.facebook.registrationTests.RegistrationTest.closeApp(RegistrationTest.java:42)
at com.facebook.registrationTests.RegistrationTest.closeApp(RegistrationTest.java:42)
at com.facebook.registrationTests.RegistrationTest.closeApp(RegistrationTest.java:42)
at com.facebook.registrationTests.RegistrationTest.closeApp(RegistrationTest.java:42)
at com.facebook.registrationTests.RegistrationTest.closeApp(RegistrationTest.java:42)
at com.facebook.registrationTests.RegistrationTest.closeApp(RegistrationTest.java:42)
at com.facebook.registrationTests.RegistrationTest.closeApp(RegistrationTest.java:42)
at com.facebook.registrationTests.RegistrationTest.closeApp(RegistrationTest.java:42)
at com.facebook.registrationTests.RegistrationTest.closeApp(RegistrationTest.java:42)
at com.facebook.registrationTests.RegistrationTest.closeApp(RegistrationTest.java:42)
at com.facebook.registrationTests.RegistrationTest.closeApp(RegistrationTest.java:42)
at com.facebook.registrationTests.RegistrationTest.closeApp(RegistrationTest.java:42)
at com.facebook.registrationTests.RegistrationTest.closeApp(RegistrationTest.java:42)
at com.facebook.registrationTests.RegistrationTest.closeApp(RegistrationTest.java:42)
at com.facebook.registrationTests.RegistrationTest.closeApp(RegistrationTest.java:42)
at com.facebook.registrationTests.RegistrationTest.closeApp(RegistrationTest.java:42)
at com.facebook.registrationTests.RegistrationTest.closeApp(RegistrationTest.java:42)
at com.facebook.registrationTests.RegistrationTest.closeApp(RegistrationTest.java:42)
at com.facebook.registrationTests.RegistrationTest.closeApp(RegistrationTest.java:42)
at com.facebook.registrationTests.RegistrationTest.closeApp(RegistrationTest.java:42)
at com.facebook.registrationTests.RegistrationTest.closeApp(RegistrationTest.java:42)
at com.facebook.registrationTests.RegistrationTest.closeApp(RegistrationTest.java:42)
at com.facebook.registrationTests.RegistrationTest.closeApp(RegistrationTest.java:42)
at com.facebook.registrationTests.RegistrationTest.closeApp(RegistrationTest.java:42)
at com.facebook.registrationTests.RegistrationTest.closeApp(RegistrationTest.java:42)
at com.facebook.registrationTests.RegistrationTest.closeApp(RegistrationTest.java:42)
at com.facebook.registrationTests.RegistrationTest.closeApp(RegistrationTest.java:42)
at com.facebook.registrationTests.RegistrationTest.closeApp(RegistrationTest.java:42)
at com.facebook.registrationTests.RegistrationTest.closeApp(RegistrationTest.java:42)
at com.facebook.registrationTests.RegistrationTest.closeApp(RegistrationTest.java:42)
at com.facebook.registrationTests.RegistrationTest.closeApp(RegistrationTest.java:42)
at com.facebook.registrationTests.RegistrationTest.closeApp(RegistrationTest.java:42)
at com.facebook.registrationTests.RegistrationTest.closeApp(RegistrationTest.java:42)
at com.facebook.registrationTests.RegistrationTest.closeApp(RegistrationTest.java:42)
at com.facebook.registrationTests.RegistrationTest.closeApp(RegistrationTest.java:42)
at com.facebook.registrationTests.RegistrationTest.closeApp(RegistrationTest.java:42)
at com.facebook.registrationTests.RegistrationTest.closeApp(RegistrationTest.java:42)
at com.facebook.registrationTests.RegistrationTest.closeApp(RegistrationTest.java:42)
at com.facebook.registrationTests.RegistrationTest.closeApp(RegistrationTest.java:42)
at com.facebook.registrationTests.RegistrationTest.closeApp(RegistrationTest.java:42)
at com.facebook.registrationTests.RegistrationTest.closeApp(RegistrationTest.java:42)
at com.facebook.registrationTests.RegistrationTest.closeApp(RegistrationTest.java:42)
at com.facebook.registrationTests.RegistrationTest.closeApp(RegistrationTest.java:42)
at com.facebook.registrationTests.RegistrationTest.closeApp(RegistrationTest.java:42)
at com.facebook.registrationTests.RegistrationTest.closeApp(RegistrationTest.java:42)
at com.facebook.registrationTests.RegistrationTest.closeApp(RegistrationTest.java:42)
at com.facebook.registrationTests.RegistrationTest.closeApp(RegistrationTest.java:42)
at com.facebook.registrationTests.RegistrationTest.closeApp(RegistrationTest.java:42)
at com.facebook.registrationTests.RegistrationTest.closeApp(RegistrationTest.java:42)
at com.facebook.registrationTests.RegistrationTest.closeApp(RegistrationTest.java:42)
at com.facebook.registrationTests.RegistrationTest.closeApp(RegistrationTest.java:42)
at com.facebook.registrationTests.RegistrationTest.closeApp(RegistrationTest.java:42)
at com.facebook.registrationTests.RegistrationTest.closeApp(RegistrationTest.java:42)
at com.facebook.registrationTests.RegistrationTest.closeApp(RegistrationTest.java:42)
at com.facebook.registrationTests.RegistrationTest.closeApp(RegistrationTest.java:42)
at com.facebook.registrationTests.RegistrationTest.closeApp(RegistrationTest.java:42)
at com.facebook.registrationTests.RegistrationTest.closeApp(RegistrationTest.java:42)
at com.facebook.registrationTests.RegistrationTest.closeApp(RegistrationTest.java:42)
at com.facebook.registrationTests.RegistrationTest.closeApp(RegistrationTest.java:42)
at com.facebook.registrationTests.RegistrationTest.closeApp(RegistrationTest.java:42)
at com.facebook.registrationTests.RegistrationTest.closeApp(RegistrationTest.java:42)
at com.facebook.registrationTests.RegistrationTest.closeApp(RegistrationTest.java:42)
at com.facebook.registrationTests.RegistrationTest.closeApp(RegistrationTest.java:42)
at com.facebook.registrationTests.RegistrationTest.closeApp(RegistrationTest.java:42)
at com.facebook.registrationTests.RegistrationTest.closeApp(RegistrationTest.java:42)
at com.facebook.registrationTests.RegistrationTest.closeApp(RegistrationTest.java:42)
at com.facebook.registrationTests.RegistrationTest.closeApp(RegistrationTest.java:42)
at com.facebook.registrationTests.RegistrationTest.closeApp(RegistrationTest.java:42)
at com.facebook.registrationTests.RegistrationTest.closeApp(RegistrationTest.java:42)
at com.facebook.registrationTests.RegistrationTest.closeApp(RegistrationTest.java:42)
at com.facebook.registrationTests.RegistrationTest.closeApp(RegistrationTest.java:42)
at com.facebook.registrationTests.RegistrationTest.closeApp(RegistrationTest.java:42)
at com.facebook.registrationTests.RegistrationTest.closeApp(RegistrationTest.java:42)
at com.facebook.registrationTests.RegistrationTest.closeApp(RegistrationTest.java:42)
at com.facebook.registrationTests.RegistrationTest.closeApp(RegistrationTest.java:42)
at com.facebook.registrationTests.RegistrationTest.closeApp(RegistrationTest.java:42)
at com.facebook.registrationTests.RegistrationTest.closeApp(RegistrationTest.java:42)
at com.facebook.registrationTests.RegistrationTest.closeApp(RegistrationTest.java:42)
at com.facebook.registrationTests.RegistrationTest.closeApp(RegistrationTest.java:42)
at com.facebook.registrationTests.RegistrationTest.closeApp(RegistrationTest.java:42)
at com.facebook.registrationTests.RegistrationTest.closeApp(RegistrationTest.java:42)
at com.facebook.registrationTests.RegistrationTest.closeApp(RegistrationTest.java:42)
at com.facebook.registrationTests.RegistrationTest.closeApp(RegistrationTest.java:42)
at com.facebook.registrationTests.RegistrationTest.closeApp(RegistrationTest.java:42)
at com.facebook.registrationTests.RegistrationTest.closeApp(RegistrationTest.java:42)
at com.facebook.registrationTests.RegistrationTest.closeApp(RegistrationTest.java:42)
at com.facebook.registrationTests.RegistrationTest.closeApp(RegistrationTest.java:42)
at com.facebook.registrationTests.RegistrationTest.closeApp(RegistrationTest.java:42)
at com.facebook.registrationTests.RegistrationTest.closeApp(RegistrationTest.java:42)
at com.facebook.registrationTests.RegistrationTest.closeApp(RegistrationTest.java:42)
at com.facebook.registrationTests.RegistrationTest.closeApp(RegistrationTest.java:42)
at com.facebook.registrationTests.RegistrationTest.closeApp(RegistrationTest.java:42)
at com.facebook.registrationTests.RegistrationTest.closeApp(RegistrationTest.java:42)
at com.facebook.registrationTests.RegistrationTest.closeApp(RegistrationTest.java:42)
at com.facebook.registrationTests.RegistrationTest.closeApp(RegistrationTest.java:42)
at com.facebook.registrationTests.RegistrationTest.closeApp(RegistrationTest.java:42)
at com.facebook.registrationTests.RegistrationTest.closeApp(RegistrationTest.java:42)
at com.facebook.registrationTests.RegistrationTest.closeApp(RegistrationTest.java:42)
at com.facebook.registrationTests.RegistrationTest.closeApp(RegistrationTest.java:42)
]]>
    </error>
  </testcase> <!-- closeApp -->
  <system-out/>
</testsuite> <!-- com.facebook.registrationTests.RegistrationTest -->
