<?xml version="1.0" encoding="UTF-8"?>
<!-- Generated by org.testng.reporters.JUnitReportReporter -->
<testsuite hostname="DESKTOP-6FQQ1FF" failures="0" tests="2" name="com.facebook.loginTests.LoginTest" time="6.573" errors="1" timestamp="2023-10-11T22:54:48 EDT" skipped="0">
  <testcase classname="com.facebook.loginTests.LoginTest" name="loginTest" time="6.551"/>
  <system-out/>
  <testcase classname="com.facebook.loginTests.LoginTest" name="closeApp" time="0.022">
    <error type="java.lang.StackOverflowError">
      <![CDATA[java.lang.StackOverflowError
at com.facebook.loginTests.LoginTest.closeApp(LoginTest.java:36)
at com.facebook.loginTests.LoginTest.closeApp(LoginTest.java:36)
at com.facebook.loginTests.LoginTest.closeApp(LoginTest.java:36)
at com.facebook.loginTests.LoginTest.closeApp(LoginTest.java:36)
at com.facebook.loginTests.LoginTest.closeApp(LoginTest.java:36)
at com.facebook.loginTests.LoginTest.closeApp(LoginTest.java:36)
at com.facebook.loginTests.LoginTest.closeApp(LoginTest.java:36)
at com.facebook.loginTests.LoginTest.closeApp(LoginTest.java:36)
at com.facebook.loginTests.LoginTest.closeApp(LoginTest.java:36)
at com.facebook.loginTests.LoginTest.closeApp(LoginTest.java:36)
at com.facebook.loginTests.LoginTest.closeApp(LoginTest.java:36)
at com.facebook.loginTests.LoginTest.closeApp(LoginTest.java:36)
at com.facebook.loginTests.LoginTest.closeApp(LoginTest.java:36)
at com.facebook.loginTests.LoginTest.closeApp(LoginTest.java:36)
at com.facebook.loginTests.LoginTest.closeApp(LoginTest.java:36)
at com.facebook.loginTests.LoginTest.closeApp(LoginTest.java:36)
at com.facebook.loginTests.LoginTest.closeApp(LoginTest.java:36)
at com.facebook.loginTests.LoginTest.closeApp(LoginTest.java:36)
at com.facebook.loginTests.LoginTest.closeApp(LoginTest.java:36)
at com.facebook.loginTests.LoginTest.closeApp(LoginTest.java:36)
at com.facebook.loginTests.LoginTest.closeApp(LoginTest.java:36)
at com.facebook.loginTests.LoginTest.closeApp(LoginTest.java:36)
at com.facebook.loginTests.LoginTest.closeApp(LoginTest.java:36)
at com.facebook.loginTests.LoginTest.closeApp(LoginTest.java:36)
at com.facebook.loginTests.LoginTest.closeApp(LoginTest.java:36)
at com.facebook.loginTests.LoginTest.closeApp(LoginTest.java:36)
at com.facebook.loginTests.LoginTest.closeApp(LoginTest.java:36)
at com.facebook.loginTests.LoginTest.closeApp(LoginTest.java:36)
at com.facebook.loginTests.LoginTest.closeApp(LoginTest.java:36)
at com.facebook.loginTests.LoginTest.closeApp(LoginTest.java:36)
at com.facebook.loginTests.LoginTest.closeApp(LoginTest.java:36)
at com.facebook.loginTests.LoginTest.closeApp(LoginTest.java:36)
at com.facebook.loginTests.LoginTest.closeApp(LoginTest.java:36)
at com.facebook.loginTests.LoginTest.closeApp(LoginTest.java:36)
at com.facebook.loginTests.LoginTest.closeApp(LoginTest.java:36)
at com.facebook.loginTests.LoginTest.closeApp(LoginTest.java:36)
at com.facebook.loginTests.LoginTest.closeApp(LoginTest.java:36)
at com.facebook.loginTests.LoginTest.closeApp(LoginTest.java:36)
at com.facebook.loginTests.LoginTest.closeApp(LoginTest.java:36)
at com.facebook.loginTests.LoginTest.closeApp(LoginTest.java:36)
at com.facebook.loginTests.LoginTest.closeApp(LoginTest.java:36)
at com.facebook.loginTests.LoginTest.closeApp(LoginTest.java:36)
at com.facebook.loginTests.LoginTest.closeApp(LoginTest.java:36)
at com.facebook.loginTests.LoginTest.closeApp(LoginTest.java:36)
at com.facebook.loginTests.LoginTest.closeApp(LoginTest.java:36)
at com.facebook.loginTests.LoginTest.closeApp(LoginTest.java:36)
at com.facebook.loginTests.LoginTest.closeApp(LoginTest.java:36)
at com.facebook.loginTests.LoginTest.closeApp(LoginTest.java:36)
at com.facebook.loginTests.LoginTest.closeApp(LoginTest.java:36)
at com.facebook.loginTests.LoginTest.closeApp(LoginTest.java:36)
at com.facebook.loginTests.LoginTest.closeApp(LoginTest.java:36)
at com.facebook.loginTests.LoginTest.closeApp(LoginTest.java:36)
at com.facebook.loginTests.LoginTest.closeApp(LoginTest.java:36)
at com.facebook.loginTests.LoginTest.closeApp(LoginTest.java:36)
at com.facebook.loginTests.LoginTest.closeApp(LoginTest.java:36)
at com.facebook.loginTests.LoginTest.closeApp(LoginTest.java:36)
at com.facebook.loginTests.LoginTest.closeApp(LoginTest.java:36)
at com.facebook.loginTests.LoginTest.closeApp(LoginTest.java:36)
at com.facebook.loginTests.LoginTest.closeApp(LoginTest.java:36)
at com.facebook.loginTests.LoginTest.closeApp(LoginTest.java:36)
at com.facebook.loginTests.LoginTest.closeApp(LoginTest.java:36)
at com.facebook.loginTests.LoginTest.closeApp(LoginTest.java:36)
at com.facebook.loginTests.LoginTest.closeApp(LoginTest.java:36)
at com.facebook.loginTests.LoginTest.closeApp(LoginTest.java:36)
at com.facebook.loginTests.LoginTest.closeApp(LoginTest.java:36)
at com.facebook.loginTests.LoginTest.closeApp(LoginTest.java:36)
at com.facebook.loginTests.LoginTest.closeApp(LoginTest.java:36)
at com.facebook.loginTests.LoginTest.closeApp(LoginTest.java:36)
at com.facebook.loginTests.LoginTest.closeApp(LoginTest.java:36)
at com.facebook.loginTests.LoginTest.closeApp(LoginTest.java:36)
at com.facebook.loginTests.LoginTest.closeApp(LoginTest.java:36)
at com.facebook.loginTests.LoginTest.closeApp(LoginTest.java:36)
at com.facebook.loginTests.LoginTest.closeApp(LoginTest.java:36)
at com.facebook.loginTests.LoginTest.closeApp(LoginTest.java:36)
at com.facebook.loginTests.LoginTest.closeApp(LoginTest.java:36)
at com.facebook.loginTests.LoginTest.closeApp(LoginTest.java:36)
at com.facebook.loginTests.LoginTest.closeApp(LoginTest.java:36)
at com.facebook.loginTests.LoginTest.closeApp(LoginTest.java:36)
at com.facebook.loginTests.LoginTest.closeApp(LoginTest.java:36)
at com.facebook.loginTests.LoginTest.closeApp(LoginTest.java:36)
at com.facebook.loginTests.LoginTest.closeApp(LoginTest.java:36)
at com.facebook.loginTests.LoginTest.closeApp(LoginTest.java:36)
at com.facebook.loginTests.LoginTest.closeApp(LoginTest.java:36)
at com.facebook.loginTests.LoginTest.closeApp(LoginTest.java:36)
at com.facebook.loginTests.LoginTest.closeApp(LoginTest.java:36)
at com.facebook.loginTests.LoginTest.closeApp(LoginTest.java:36)
at com.facebook.loginTests.LoginTest.closeApp(LoginTest.java:36)
at com.facebook.loginTests.LoginTest.closeApp(LoginTest.java:36)
at com.facebook.loginTests.LoginTest.closeApp(LoginTest.java:36)
at com.facebook.loginTests.LoginTest.closeApp(LoginTest.java:36)
at com.facebook.loginTests.LoginTest.closeApp(LoginTest.java:36)
at com.facebook.loginTests.LoginTest.closeApp(LoginTest.java:36)
at com.facebook.loginTests.LoginTest.closeApp(LoginTest.java:36)
at com.facebook.loginTests.LoginTest.closeApp(LoginTest.java:36)
at com.facebook.loginTests.LoginTest.closeApp(LoginTest.java:36)
at com.facebook.loginTests.LoginTest.closeApp(LoginTest.java:36)
at com.facebook.loginTests.LoginTest.closeApp(LoginTest.java:36)
at com.facebook.loginTests.LoginTest.closeApp(LoginTest.java:36)
at com.facebook.loginTests.LoginTest.closeApp(LoginTest.java:36)
at com.facebook.loginTests.LoginTest.closeApp(LoginTest.java:36)
at com.facebook.loginTests.LoginTest.closeApp(LoginTest.java:36)
at com.facebook.loginTests.LoginTest.closeApp(LoginTest.java:36)
at com.facebook.loginTests.LoginTest.closeApp(LoginTest.java:36)
at com.facebook.loginTests.LoginTest.closeApp(LoginTest.java:36)
at com.facebook.loginTests.LoginTest.closeApp(LoginTest.java:36)
at com.facebook.loginTests.LoginTest.closeApp(LoginTest.java:36)
at com.facebook.loginTests.LoginTest.closeApp(LoginTest.java:36)
at com.facebook.loginTests.LoginTest.closeApp(LoginTest.java:36)
at com.facebook.loginTests.LoginTest.closeApp(LoginTest.java:36)
at com.facebook.loginTests.LoginTest.closeApp(LoginTest.java:36)
at com.facebook.loginTests.LoginTest.closeApp(LoginTest.java:36)
at com.facebook.loginTests.LoginTest.closeApp(LoginTest.java:36)
at com.facebook.loginTests.LoginTest.closeApp(LoginTest.java:36)
at com.facebook.loginTests.LoginTest.closeApp(LoginTest.java:36)
at com.facebook.loginTests.LoginTest.closeApp(LoginTest.java:36)
at com.facebook.loginTests.LoginTest.closeApp(LoginTest.java:36)
at com.facebook.loginTests.LoginTest.closeApp(LoginTest.java:36)
at com.facebook.loginTests.LoginTest.closeApp(LoginTest.java:36)
at com.facebook.loginTests.LoginTest.closeApp(LoginTest.java:36)
at com.facebook.loginTests.LoginTest.closeApp(LoginTest.java:36)
at com.facebook.loginTests.LoginTest.closeApp(LoginTest.java:36)
at com.facebook.loginTests.LoginTest.closeApp(LoginTest.java:36)
at com.facebook.loginTests.LoginTest.closeApp(LoginTest.java:36)
at com.facebook.loginTests.LoginTest.closeApp(LoginTest.java:36)
at com.facebook.loginTests.LoginTest.closeApp(LoginTest.java:36)
at com.facebook.loginTests.LoginTest.closeApp(LoginTest.java:36)
at com.facebook.loginTests.LoginTest.closeApp(LoginTest.java:36)
at com.facebook.loginTests.LoginTest.closeApp(LoginTest.java:36)
at com.facebook.loginTests.LoginTest.closeApp(LoginTest.java:36)
at com.facebook.loginTests.LoginTest.closeApp(LoginTest.java:36)
at com.facebook.loginTests.LoginTest.closeApp(LoginTest.java:36)
at com.facebook.loginTests.LoginTest.closeApp(LoginTest.java:36)
at com.facebook.loginTests.LoginTest.closeApp(LoginTest.java:36)
at com.facebook.loginTests.LoginTest.closeApp(LoginTest.java:36)
at com.facebook.loginTests.LoginTest.closeApp(LoginTest.java:36)
at com.facebook.loginTests.LoginTest.closeApp(LoginTest.java:36)
at com.facebook.loginTests.LoginTest.closeApp(LoginTest.java:36)
at com.facebook.loginTests.LoginTest.closeApp(LoginTest.java:36)
at com.facebook.loginTests.LoginTest.closeApp(LoginTest.java:36)
at com.facebook.loginTests.LoginTest.closeApp(LoginTest.java:36)
at com.facebook.loginTests.LoginTest.closeApp(LoginTest.java:36)
at com.facebook.loginTests.LoginTest.closeApp(LoginTest.java:36)
at com.facebook.loginTests.LoginTest.closeApp(LoginTest.java:36)
at com.facebook.loginTests.LoginTest.closeApp(LoginTest.java:36)
at com.facebook.loginTests.LoginTest.closeApp(LoginTest.java:36)
at com.facebook.loginTests.LoginTest.closeApp(LoginTest.java:36)
at com.facebook.loginTests.LoginTest.closeApp(LoginTest.java:36)
at com.facebook.loginTests.LoginTest.closeApp(LoginTest.java:36)
at com.facebook.loginTests.LoginTest.closeApp(LoginTest.java:36)
at com.facebook.loginTests.LoginTest.closeApp(LoginTest.java:36)
at com.facebook.loginTests.LoginTest.closeApp(LoginTest.java:36)
at com.facebook.loginTests.LoginTest.closeApp(LoginTest.java:36)
at com.facebook.loginTests.LoginTest.closeApp(LoginTest.java:36)
at com.facebook.loginTests.LoginTest.closeApp(LoginTest.java:36)
at com.facebook.loginTests.LoginTest.closeApp(LoginTest.java:36)
at com.facebook.loginTests.LoginTest.closeApp(LoginTest.java:36)
at com.facebook.loginTests.LoginTest.closeApp(LoginTest.java:36)
at com.facebook.loginTests.LoginTest.closeApp(LoginTest.java:36)
at com.facebook.loginTests.LoginTest.closeApp(LoginTest.java:36)
at com.facebook.loginTests.LoginTest.closeApp(LoginTest.java:36)
at com.facebook.loginTests.LoginTest.closeApp(LoginTest.java:36)
at com.facebook.loginTests.LoginTest.closeApp(LoginTest.java:36)
at com.facebook.loginTests.LoginTest.closeApp(LoginTest.java:36)
at com.facebook.loginTests.LoginTest.closeApp(LoginTest.java:36)
at com.facebook.loginTests.LoginTest.closeApp(LoginTest.java:36)
at com.facebook.loginTests.LoginTest.closeApp(LoginTest.java:36)
at com.facebook.loginTests.LoginTest.closeApp(LoginTest.java:36)
at com.facebook.loginTests.LoginTest.closeApp(LoginTest.java:36)
at com.facebook.loginTests.LoginTest.closeApp(LoginTest.java:36)
at com.facebook.loginTests.LoginTest.closeApp(LoginTest.java:36)
at com.facebook.loginTests.LoginTest.closeApp(LoginTest.java:36)
at com.facebook.loginTests.LoginTest.closeApp(LoginTest.java:36)
at com.facebook.loginTests.LoginTest.closeApp(LoginTest.java:36)
at com.facebook.loginTests.LoginTest.closeApp(LoginTest.java:36)
at com.facebook.loginTests.LoginTest.closeApp(LoginTest.java:36)
at com.facebook.loginTests.LoginTest.closeApp(LoginTest.java:36)
at com.facebook.loginTests.LoginTest.closeApp(LoginTest.java:36)
at com.facebook.loginTests.LoginTest.closeApp(LoginTest.java:36)
at com.facebook.loginTests.LoginTest.closeApp(LoginTest.java:36)
at com.facebook.loginTests.LoginTest.closeApp(LoginTest.java:36)
at com.facebook.loginTests.LoginTest.closeApp(LoginTest.java:36)
at com.facebook.loginTests.LoginTest.closeApp(LoginTest.java:36)
at com.facebook.loginTests.LoginTest.closeApp(LoginTest.java:36)
at com.facebook.loginTests.LoginTest.closeApp(LoginTest.java:36)
at com.facebook.loginTests.LoginTest.closeApp(LoginTest.java:36)
at com.facebook.loginTests.LoginTest.closeApp(LoginTest.java:36)
at com.facebook.loginTests.LoginTest.closeApp(LoginTest.java:36)
at com.facebook.loginTests.LoginTest.closeApp(LoginTest.java:36)
at com.facebook.loginTests.LoginTest.closeApp(LoginTest.java:36)
at com.facebook.loginTests.LoginTest.closeApp(LoginTest.java:36)
at com.facebook.loginTests.LoginTest.closeApp(LoginTest.java:36)
at com.facebook.loginTests.LoginTest.closeApp(LoginTest.java:36)
at com.facebook.loginTests.LoginTest.closeApp(LoginTest.java:36)
at com.facebook.loginTests.LoginTest.closeApp(LoginTest.java:36)
at com.facebook.loginTests.LoginTest.closeApp(LoginTest.java:36)
at com.facebook.loginTests.LoginTest.closeApp(LoginTest.java:36)
at com.facebook.loginTests.LoginTest.closeApp(LoginTest.java:36)
at com.facebook.loginTests.LoginTest.closeApp(LoginTest.java:36)
at com.facebook.loginTests.LoginTest.closeApp(LoginTest.java:36)
at com.facebook.loginTests.LoginTest.closeApp(LoginTest.java:36)
at com.facebook.loginTests.LoginTest.closeApp(LoginTest.java:36)
at com.facebook.loginTests.LoginTest.closeApp(LoginTest.java:36)
at com.facebook.loginTests.LoginTest.closeApp(LoginTest.java:36)
at com.facebook.loginTests.LoginTest.closeApp(LoginTest.java:36)
at com.facebook.loginTests.LoginTest.closeApp(LoginTest.java:36)
at com.facebook.loginTests.LoginTest.closeApp(LoginTest.java:36)
at com.facebook.loginTests.LoginTest.closeApp(LoginTest.java:36)
at com.facebook.loginTests.LoginTest.closeApp(LoginTest.java:36)
at com.facebook.loginTests.LoginTest.closeApp(LoginTest.java:36)
at com.facebook.loginTests.LoginTest.closeApp(LoginTest.java:36)
at com.facebook.loginTests.LoginTest.closeApp(LoginTest.java:36)
at com.facebook.loginTests.LoginTest.closeApp(LoginTest.java:36)
at com.facebook.loginTests.LoginTest.closeApp(LoginTest.java:36)
at com.facebook.loginTests.LoginTest.closeApp(LoginTest.java:36)
at com.facebook.loginTests.LoginTest.closeApp(LoginTest.java:36)
at com.facebook.loginTests.LoginTest.closeApp(LoginTest.java:36)
at com.facebook.loginTests.LoginTest.closeApp(LoginTest.java:36)
at com.facebook.loginTests.LoginTest.closeApp(LoginTest.java:36)
at com.facebook.loginTests.LoginTest.closeApp(LoginTest.java:36)
at com.facebook.loginTests.LoginTest.closeApp(LoginTest.java:36)
at com.facebook.loginTests.LoginTest.closeApp(LoginTest.java:36)
at com.facebook.loginTests.LoginTest.closeApp(LoginTest.java:36)
at com.facebook.loginTests.LoginTest.closeApp(LoginTest.java:36)
at com.facebook.loginTests.LoginTest.closeApp(LoginTest.java:36)
at com.facebook.loginTests.LoginTest.closeApp(LoginTest.java:36)
at com.facebook.loginTests.LoginTest.closeApp(LoginTest.java:36)
at com.facebook.loginTests.LoginTest.closeApp(LoginTest.java:36)
at com.facebook.loginTests.LoginTest.closeApp(LoginTest.java:36)
at com.facebook.loginTests.LoginTest.closeApp(LoginTest.java:36)
at com.facebook.loginTests.LoginTest.closeApp(LoginTest.java:36)
at com.facebook.loginTests.LoginTest.closeApp(LoginTest.java:36)
at com.facebook.loginTests.LoginTest.closeApp(LoginTest.java:36)
at com.facebook.loginTests.LoginTest.closeApp(LoginTest.java:36)
at com.facebook.loginTests.LoginTest.closeApp(LoginTest.java:36)
at com.facebook.loginTests.LoginTest.closeApp(LoginTest.java:36)
at com.facebook.loginTests.LoginTest.closeApp(LoginTest.java:36)
at com.facebook.loginTests.LoginTest.closeApp(LoginTest.java:36)
at com.facebook.loginTests.LoginTest.closeApp(LoginTest.java:36)
at com.facebook.loginTests.LoginTest.closeApp(LoginTest.java:36)
at com.facebook.loginTests.LoginTest.closeApp(LoginTest.java:36)
at com.facebook.loginTests.LoginTest.closeApp(LoginTest.java:36)
at com.facebook.loginTests.LoginTest.closeApp(LoginTest.java:36)
at com.facebook.loginTests.LoginTest.closeApp(LoginTest.java:36)
at com.facebook.loginTests.LoginTest.closeApp(LoginTest.java:36)
at com.facebook.loginTests.LoginTest.closeApp(LoginTest.java:36)
at com.facebook.loginTests.LoginTest.closeApp(LoginTest.java:36)
at com.facebook.loginTests.LoginTest.closeApp(LoginTest.java:36)
at com.facebook.loginTests.LoginTest.closeApp(LoginTest.java:36)
at com.facebook.loginTests.LoginTest.closeApp(LoginTest.java:36)
at com.facebook.loginTests.LoginTest.closeApp(LoginTest.java:36)
at com.facebook.loginTests.LoginTest.closeApp(LoginTest.java:36)
at com.facebook.loginTests.LoginTest.closeApp(LoginTest.java:36)
at com.facebook.loginTests.LoginTest.closeApp(LoginTest.java:36)
at com.facebook.loginTests.LoginTest.closeApp(LoginTest.java:36)
at com.facebook.loginTests.LoginTest.closeApp(LoginTest.java:36)
at com.facebook.loginTests.LoginTest.closeApp(LoginTest.java:36)
at com.facebook.loginTests.LoginTest.closeApp(LoginTest.java:36)
at com.facebook.loginTests.LoginTest.closeApp(LoginTest.java:36)
at com.facebook.loginTests.LoginTest.closeApp(LoginTest.java:36)
at com.facebook.loginTests.LoginTest.closeApp(LoginTest.java:36)
at com.facebook.loginTests.LoginTest.closeApp(LoginTest.java:36)
at com.facebook.loginTests.LoginTest.closeApp(LoginTest.java:36)
at com.facebook.loginTests.LoginTest.closeApp(LoginTest.java:36)
at com.facebook.loginTests.LoginTest.closeApp(LoginTest.java:36)
at com.facebook.loginTests.LoginTest.closeApp(LoginTest.java:36)
at com.facebook.loginTests.LoginTest.closeApp(LoginTest.java:36)
at com.facebook.loginTests.LoginTest.closeApp(LoginTest.java:36)
at com.facebook.loginTests.LoginTest.closeApp(LoginTest.java:36)
at com.facebook.loginTests.LoginTest.closeApp(LoginTest.java:36)
at com.facebook.loginTests.LoginTest.closeApp(LoginTest.java:36)
at com.facebook.loginTests.LoginTest.closeApp(LoginTest.java:36)
at com.facebook.loginTests.LoginTest.closeApp(LoginTest.java:36)
at com.facebook.loginTests.LoginTest.closeApp(LoginTest.java:36)
at com.facebook.loginTests.LoginTest.closeApp(LoginTest.java:36)
at com.facebook.loginTests.LoginTest.closeApp(LoginTest.java:36)
at com.facebook.loginTests.LoginTest.closeApp(LoginTest.java:36)
at com.facebook.loginTests.LoginTest.closeApp(LoginTest.java:36)
at com.facebook.loginTests.LoginTest.closeApp(LoginTest.java:36)
at com.facebook.loginTests.LoginTest.closeApp(LoginTest.java:36)
at com.facebook.loginTests.LoginTest.closeApp(LoginTest.java:36)
at com.facebook.loginTests.LoginTest.closeApp(LoginTest.java:36)
at com.facebook.loginTests.LoginTest.closeApp(LoginTest.java:36)
at com.facebook.loginTests.LoginTest.closeApp(LoginTest.java:36)
at com.facebook.loginTests.LoginTest.closeApp(LoginTest.java:36)
at com.facebook.loginTests.LoginTest.closeApp(LoginTest.java:36)
at com.facebook.loginTests.LoginTest.closeApp(LoginTest.java:36)
at com.facebook.loginTests.LoginTest.closeApp(LoginTest.java:36)
at com.facebook.loginTests.LoginTest.closeApp(LoginTest.java:36)
at com.facebook.loginTests.LoginTest.closeApp(LoginTest.java:36)
at com.facebook.loginTests.LoginTest.closeApp(LoginTest.java:36)
at com.facebook.loginTests.LoginTest.closeApp(LoginTest.java:36)
at com.facebook.loginTests.LoginTest.closeApp(LoginTest.java:36)
at com.facebook.loginTests.LoginTest.closeApp(LoginTest.java:36)
at com.facebook.loginTests.LoginTest.closeApp(LoginTest.java:36)
at com.facebook.loginTests.LoginTest.closeApp(LoginTest.java:36)
at com.facebook.loginTests.LoginTest.closeApp(LoginTest.java:36)
at com.facebook.loginTests.LoginTest.closeApp(LoginTest.java:36)
at com.facebook.loginTests.LoginTest.closeApp(LoginTest.java:36)
at com.facebook.loginTests.LoginTest.closeApp(LoginTest.java:36)
at com.facebook.loginTests.LoginTest.closeApp(LoginTest.java:36)
at com.facebook.loginTests.LoginTest.closeApp(LoginTest.java:36)
at com.facebook.loginTests.LoginTest.closeApp(LoginTest.java:36)
at com.facebook.loginTests.LoginTest.closeApp(LoginTest.java:36)
at com.facebook.loginTests.LoginTest.closeApp(LoginTest.java:36)
at com.facebook.loginTests.LoginTest.closeApp(LoginTest.java:36)
at com.facebook.loginTests.LoginTest.closeApp(LoginTest.java:36)
at com.facebook.loginTests.LoginTest.closeApp(LoginTest.java:36)
at com.facebook.loginTests.LoginTest.closeApp(LoginTest.java:36)
at com.facebook.loginTests.LoginTest.closeApp(LoginTest.java:36)
at com.facebook.loginTests.LoginTest.closeApp(LoginTest.java:36)
at com.facebook.loginTests.LoginTest.closeApp(LoginTest.java:36)
at com.facebook.loginTests.LoginTest.closeApp(LoginTest.java:36)
at com.facebook.loginTests.LoginTest.closeApp(LoginTest.java:36)
at com.facebook.loginTests.LoginTest.closeApp(LoginTest.java:36)
at com.facebook.loginTests.LoginTest.closeApp(LoginTest.java:36)
at com.facebook.loginTests.LoginTest.closeApp(LoginTest.java:36)
at com.facebook.loginTests.LoginTest.closeApp(LoginTest.java:36)
at com.facebook.loginTests.LoginTest.closeApp(LoginTest.java:36)
at com.facebook.loginTests.LoginTest.closeApp(LoginTest.java:36)
at com.facebook.loginTests.LoginTest.closeApp(LoginTest.java:36)
at com.facebook.loginTests.LoginTest.closeApp(LoginTest.java:36)
at com.facebook.loginTests.LoginTest.closeApp(LoginTest.java:36)
at com.facebook.loginTests.LoginTest.closeApp(LoginTest.java:36)
at com.facebook.loginTests.LoginTest.closeApp(LoginTest.java:36)
at com.facebook.loginTests.LoginTest.closeApp(LoginTest.java:36)
at com.facebook.loginTests.LoginTest.closeApp(LoginTest.java:36)
at com.facebook.loginTests.LoginTest.closeApp(LoginTest.java:36)
at com.facebook.loginTests.LoginTest.closeApp(LoginTest.java:36)
at com.facebook.loginTests.LoginTest.closeApp(LoginTest.java:36)
at com.facebook.loginTests.LoginTest.closeApp(LoginTest.java:36)
at com.facebook.loginTests.LoginTest.closeApp(LoginTest.java:36)
at com.facebook.loginTests.LoginTest.closeApp(LoginTest.java:36)
at com.facebook.loginTests.LoginTest.closeApp(LoginTest.java:36)
at com.facebook.loginTests.LoginTest.closeApp(LoginTest.java:36)
at com.facebook.loginTests.LoginTest.closeApp(LoginTest.java:36)
at com.facebook.loginTests.LoginTest.closeApp(LoginTest.java:36)
at com.facebook.loginTests.LoginTest.closeApp(LoginTest.java:36)
at com.facebook.loginTests.LoginTest.closeApp(LoginTest.java:36)
at com.facebook.loginTests.LoginTest.closeApp(LoginTest.java:36)
at com.facebook.loginTests.LoginTest.closeApp(LoginTest.java:36)
at com.facebook.loginTests.LoginTest.closeApp(LoginTest.java:36)
at com.facebook.loginTests.LoginTest.closeApp(LoginTest.java:36)
at com.facebook.loginTests.LoginTest.closeApp(LoginTest.java:36)
at com.facebook.loginTests.LoginTest.closeApp(LoginTest.java:36)
at com.facebook.loginTests.LoginTest.closeApp(LoginTest.java:36)
at com.facebook.loginTests.LoginTest.closeApp(LoginTest.java:36)
at com.facebook.loginTests.LoginTest.closeApp(LoginTest.java:36)
at com.facebook.loginTests.LoginTest.closeApp(LoginTest.java:36)
at com.facebook.loginTests.LoginTest.closeApp(LoginTest.java:36)
at com.facebook.loginTests.LoginTest.closeApp(LoginTest.java:36)
at com.facebook.loginTests.LoginTest.closeApp(LoginTest.java:36)
at com.facebook.loginTests.LoginTest.closeApp(LoginTest.java:36)
at com.facebook.loginTests.LoginTest.closeApp(LoginTest.java:36)
at com.facebook.loginTests.LoginTest.closeApp(LoginTest.java:36)
at com.facebook.loginTests.LoginTest.closeApp(LoginTest.java:36)
at com.facebook.loginTests.LoginTest.closeApp(LoginTest.java:36)
at com.facebook.loginTests.LoginTest.closeApp(LoginTest.java:36)
at com.facebook.loginTests.LoginTest.closeApp(LoginTest.java:36)
at com.facebook.loginTests.LoginTest.closeApp(LoginTest.java:36)
at com.facebook.loginTests.LoginTest.closeApp(LoginTest.java:36)
at com.facebook.loginTests.LoginTest.closeApp(LoginTest.java:36)
at com.facebook.loginTests.LoginTest.closeApp(LoginTest.java:36)
at com.facebook.loginTests.LoginTest.closeApp(LoginTest.java:36)
at com.facebook.loginTests.LoginTest.closeApp(LoginTest.java:36)
at com.facebook.loginTests.LoginTest.closeApp(LoginTest.java:36)
at com.facebook.loginTests.LoginTest.closeApp(LoginTest.java:36)
at com.facebook.loginTests.LoginTest.closeApp(LoginTest.java:36)
at com.facebook.loginTests.LoginTest.closeApp(LoginTest.java:36)
at com.facebook.loginTests.LoginTest.closeApp(LoginTest.java:36)
at com.facebook.loginTests.LoginTest.closeApp(LoginTest.java:36)
at com.facebook.loginTests.LoginTest.closeApp(LoginTest.java:36)
at com.facebook.loginTests.LoginTest.closeApp(LoginTest.java:36)
at com.facebook.loginTests.LoginTest.closeApp(LoginTest.java:36)
at com.facebook.loginTests.LoginTest.closeApp(LoginTest.java:36)
at com.facebook.loginTests.LoginTest.closeApp(LoginTest.java:36)
at com.facebook.loginTests.LoginTest.closeApp(LoginTest.java:36)
at com.facebook.loginTests.LoginTest.closeApp(LoginTest.java:36)
at com.facebook.loginTests.LoginTest.closeApp(LoginTest.java:36)
at com.facebook.loginTests.LoginTest.closeApp(LoginTest.java:36)
at com.facebook.loginTests.LoginTest.closeApp(LoginTest.java:36)
at com.facebook.loginTests.LoginTest.closeApp(LoginTest.java:36)
at com.facebook.loginTests.LoginTest.closeApp(LoginTest.java:36)
at com.facebook.loginTests.LoginTest.closeApp(LoginTest.java:36)
at com.facebook.loginTests.LoginTest.closeApp(LoginTest.java:36)
at com.facebook.loginTests.LoginTest.closeApp(LoginTest.java:36)
at com.facebook.loginTests.LoginTest.closeApp(LoginTest.java:36)
at com.facebook.loginTests.LoginTest.closeApp(LoginTest.java:36)
at com.facebook.loginTests.LoginTest.closeApp(LoginTest.java:36)
at com.facebook.loginTests.LoginTest.closeApp(LoginTest.java:36)
at com.facebook.loginTests.LoginTest.closeApp(LoginTest.java:36)
at com.facebook.loginTests.LoginTest.closeApp(LoginTest.java:36)
at com.facebook.loginTests.LoginTest.closeApp(LoginTest.java:36)
at com.facebook.loginTests.LoginTest.closeApp(LoginTest.java:36)
at com.facebook.loginTests.LoginTest.closeApp(LoginTest.java:36)
at com.facebook.loginTests.LoginTest.closeApp(LoginTest.java:36)
at com.facebook.loginTests.LoginTest.closeApp(LoginTest.java:36)
at com.facebook.loginTests.LoginTest.closeApp(LoginTest.java:36)
at com.facebook.loginTests.LoginTest.closeApp(LoginTest.java:36)
at com.facebook.loginTests.LoginTest.closeApp(LoginTest.java:36)
at com.facebook.loginTests.LoginTest.closeApp(LoginTest.java:36)
at com.facebook.loginTests.LoginTest.closeApp(LoginTest.java:36)
at com.facebook.loginTests.LoginTest.closeApp(LoginTest.java:36)
at com.facebook.loginTests.LoginTest.closeApp(LoginTest.java:36)
at com.facebook.loginTests.LoginTest.closeApp(LoginTest.java:36)
at com.facebook.loginTests.LoginTest.closeApp(LoginTest.java:36)
at com.facebook.loginTests.LoginTest.closeApp(LoginTest.java:36)
at com.facebook.loginTests.LoginTest.closeApp(LoginTest.java:36)
at com.facebook.loginTests.LoginTest.closeApp(LoginTest.java:36)
at com.facebook.loginTests.LoginTest.closeApp(LoginTest.java:36)
at com.facebook.loginTests.LoginTest.closeApp(LoginTest.java:36)
at com.facebook.loginTests.LoginTest.closeApp(LoginTest.java:36)
at com.facebook.loginTests.LoginTest.closeApp(LoginTest.java:36)
at com.facebook.loginTests.LoginTest.closeApp(LoginTest.java:36)
at com.facebook.loginTests.LoginTest.closeApp(LoginTest.java:36)
at com.facebook.loginTests.LoginTest.closeApp(LoginTest.java:36)
at com.facebook.loginTests.LoginTest.closeApp(LoginTest.java:36)
at com.facebook.loginTests.LoginTest.closeApp(LoginTest.java:36)
at com.facebook.loginTests.LoginTest.closeApp(LoginTest.java:36)
at com.facebook.loginTests.LoginTest.closeApp(LoginTest.java:36)
at com.facebook.loginTests.LoginTest.closeApp(LoginTest.java:36)
at com.facebook.loginTests.LoginTest.closeApp(LoginTest.java:36)
at com.facebook.loginTests.LoginTest.closeApp(LoginTest.java:36)
at com.facebook.loginTests.LoginTest.closeApp(LoginTest.java:36)
at com.facebook.loginTests.LoginTest.closeApp(LoginTest.java:36)
at com.facebook.loginTests.LoginTest.closeApp(LoginTest.java:36)
at com.facebook.loginTests.LoginTest.closeApp(LoginTest.java:36)
at com.facebook.loginTests.LoginTest.closeApp(LoginTest.java:36)
at com.facebook.loginTests.LoginTest.closeApp(LoginTest.java:36)
at com.facebook.loginTests.LoginTest.closeApp(LoginTest.java:36)
at com.facebook.loginTests.LoginTest.closeApp(LoginTest.java:36)
at com.facebook.loginTests.LoginTest.closeApp(LoginTest.java:36)
at com.facebook.loginTests.LoginTest.closeApp(LoginTest.java:36)
at com.facebook.loginTests.LoginTest.closeApp(LoginTest.java:36)
at com.facebook.loginTests.LoginTest.closeApp(LoginTest.java:36)
at com.facebook.loginTests.LoginTest.closeApp(LoginTest.java:36)
at com.facebook.loginTests.LoginTest.closeApp(LoginTest.java:36)
at com.facebook.loginTests.LoginTest.closeApp(LoginTest.java:36)
at com.facebook.loginTests.LoginTest.closeApp(LoginTest.java:36)
at com.facebook.loginTests.LoginTest.closeApp(LoginTest.java:36)
at com.facebook.loginTests.LoginTest.closeApp(LoginTest.java:36)
at com.facebook.loginTests.LoginTest.closeApp(LoginTest.java:36)
at com.facebook.loginTests.LoginTest.closeApp(LoginTest.java:36)
at com.facebook.loginTests.LoginTest.closeApp(LoginTest.java:36)
at com.facebook.loginTests.LoginTest.closeApp(LoginTest.java:36)
at com.facebook.loginTests.LoginTest.closeApp(LoginTest.java:36)
at com.facebook.loginTests.LoginTest.closeApp(LoginTest.java:36)
at com.facebook.loginTests.LoginTest.closeApp(LoginTest.java:36)
at com.facebook.loginTests.LoginTest.closeApp(LoginTest.java:36)
at com.facebook.loginTests.LoginTest.closeApp(LoginTest.java:36)
at com.facebook.loginTests.LoginTest.closeApp(LoginTest.java:36)
at com.facebook.loginTests.LoginTest.closeApp(LoginTest.java:36)
at com.facebook.loginTests.LoginTest.closeApp(LoginTest.java:36)
at com.facebook.loginTests.LoginTest.closeApp(LoginTest.java:36)
at com.facebook.loginTests.LoginTest.closeApp(LoginTest.java:36)
at com.facebook.loginTests.LoginTest.closeApp(LoginTest.java:36)
at com.facebook.loginTests.LoginTest.closeApp(LoginTest.java:36)
at com.facebook.loginTests.LoginTest.closeApp(LoginTest.java:36)
at com.facebook.loginTests.LoginTest.closeApp(LoginTest.java:36)
at com.facebook.loginTests.LoginTest.closeApp(LoginTest.java:36)
at com.facebook.loginTests.LoginTest.closeApp(LoginTest.java:36)
at com.facebook.loginTests.LoginTest.closeApp(LoginTest.java:36)
at com.facebook.loginTests.LoginTest.closeApp(LoginTest.java:36)
at com.facebook.loginTests.LoginTest.closeApp(LoginTest.java:36)
at com.facebook.loginTests.LoginTest.closeApp(LoginTest.java:36)
at com.facebook.loginTests.LoginTest.closeApp(LoginTest.java:36)
at com.facebook.loginTests.LoginTest.closeApp(LoginTest.java:36)
at com.facebook.loginTests.LoginTest.closeApp(LoginTest.java:36)
at com.facebook.loginTests.LoginTest.closeApp(LoginTest.java:36)
at com.facebook.loginTests.LoginTest.closeApp(LoginTest.java:36)
at com.facebook.loginTests.LoginTest.closeApp(LoginTest.java:36)
at com.facebook.loginTests.LoginTest.closeApp(LoginTest.java:36)
at com.facebook.loginTests.LoginTest.closeApp(LoginTest.java:36)
at com.facebook.loginTests.LoginTest.closeApp(LoginTest.java:36)
at com.facebook.loginTests.LoginTest.closeApp(LoginTest.java:36)
at com.facebook.loginTests.LoginTest.closeApp(LoginTest.java:36)
at com.facebook.loginTests.LoginTest.closeApp(LoginTest.java:36)
at com.facebook.loginTests.LoginTest.closeApp(LoginTest.java:36)
at com.facebook.loginTests.LoginTest.closeApp(LoginTest.java:36)
at com.facebook.loginTests.LoginTest.closeApp(LoginTest.java:36)
at com.facebook.loginTests.LoginTest.closeApp(LoginTest.java:36)
at com.facebook.loginTests.LoginTest.closeApp(LoginTest.java:36)
at com.facebook.loginTests.LoginTest.closeApp(LoginTest.java:36)
at com.facebook.loginTests.LoginTest.closeApp(LoginTest.java:36)
at com.facebook.loginTests.LoginTest.closeApp(LoginTest.java:36)
at com.facebook.loginTests.LoginTest.closeApp(LoginTest.java:36)
at com.facebook.loginTests.LoginTest.closeApp(LoginTest.java:36)
at com.facebook.loginTests.LoginTest.closeApp(LoginTest.java:36)
at com.facebook.loginTests.LoginTest.closeApp(LoginTest.java:36)
at com.facebook.loginTests.LoginTest.closeApp(LoginTest.java:36)
at com.facebook.loginTests.LoginTest.closeApp(LoginTest.java:36)
at com.facebook.loginTests.LoginTest.closeApp(LoginTest.java:36)
at com.facebook.loginTests.LoginTest.closeApp(LoginTest.java:36)
at com.facebook.loginTests.LoginTest.closeApp(LoginTest.java:36)
at com.facebook.loginTests.LoginTest.closeApp(LoginTest.java:36)
at com.facebook.loginTests.LoginTest.closeApp(LoginTest.java:36)
at com.facebook.loginTests.LoginTest.closeApp(LoginTest.java:36)
at com.facebook.loginTests.LoginTest.closeApp(LoginTest.java:36)
at com.facebook.loginTests.LoginTest.closeApp(LoginTest.java:36)
at com.facebook.loginTests.LoginTest.closeApp(LoginTest.java:36)
at com.facebook.loginTests.LoginTest.closeApp(LoginTest.java:36)
at com.facebook.loginTests.LoginTest.closeApp(LoginTest.java:36)
at com.facebook.loginTests.LoginTest.closeApp(LoginTest.java:36)
at com.facebook.loginTests.LoginTest.closeApp(LoginTest.java:36)
at com.facebook.loginTests.LoginTest.closeApp(LoginTest.java:36)
at com.facebook.loginTests.LoginTest.closeApp(LoginTest.java:36)
at com.facebook.loginTests.LoginTest.closeApp(LoginTest.java:36)
at com.facebook.loginTests.LoginTest.closeApp(LoginTest.java:36)
at com.facebook.loginTests.LoginTest.closeApp(LoginTest.java:36)
at com.facebook.loginTests.LoginTest.closeApp(LoginTest.java:36)
at com.facebook.loginTests.LoginTest.closeApp(LoginTest.java:36)
at com.facebook.loginTests.LoginTest.closeApp(LoginTest.java:36)
at com.facebook.loginTests.LoginTest.closeApp(LoginTest.java:36)
at com.facebook.loginTests.LoginTest.closeApp(LoginTest.java:36)
at com.facebook.loginTests.LoginTest.closeApp(LoginTest.java:36)
at com.facebook.loginTests.LoginTest.closeApp(LoginTest.java:36)
at com.facebook.loginTests.LoginTest.closeApp(LoginTest.java:36)
at com.facebook.loginTests.LoginTest.closeApp(LoginTest.java:36)
at com.facebook.loginTests.LoginTest.closeApp(LoginTest.java:36)
at com.facebook.loginTests.LoginTest.closeApp(LoginTest.java:36)
at com.facebook.loginTests.LoginTest.closeApp(LoginTest.java:36)
at com.facebook.loginTests.LoginTest.closeApp(LoginTest.java:36)
at com.facebook.loginTests.LoginTest.closeApp(LoginTest.java:36)
at com.facebook.loginTests.LoginTest.closeApp(LoginTest.java:36)
at com.facebook.loginTests.LoginTest.closeApp(LoginTest.java:36)
at com.facebook.loginTests.LoginTest.closeApp(LoginTest.java:36)
at com.facebook.loginTests.LoginTest.closeApp(LoginTest.java:36)
at com.facebook.loginTests.LoginTest.closeApp(LoginTest.java:36)
at com.facebook.loginTests.LoginTest.closeApp(LoginTest.java:36)
at com.facebook.loginTests.LoginTest.closeApp(LoginTest.java:36)
at com.facebook.loginTests.LoginTest.closeApp(LoginTest.java:36)
at com.facebook.loginTests.LoginTest.closeApp(LoginTest.java:36)
at com.facebook.loginTests.LoginTest.closeApp(LoginTest.java:36)
at com.facebook.loginTests.LoginTest.closeApp(LoginTest.java:36)
at com.facebook.loginTests.LoginTest.closeApp(LoginTest.java:36)
at com.facebook.loginTests.LoginTest.closeApp(LoginTest.java:36)
at com.facebook.loginTests.LoginTest.closeApp(LoginTest.java:36)
at com.facebook.loginTests.LoginTest.closeApp(LoginTest.java:36)
at com.facebook.loginTests.LoginTest.closeApp(LoginTest.java:36)
at com.facebook.loginTests.LoginTest.closeApp(LoginTest.java:36)
at com.facebook.loginTests.LoginTest.closeApp(LoginTest.java:36)
at com.facebook.loginTests.LoginTest.closeApp(LoginTest.java:36)
at com.facebook.loginTests.LoginTest.closeApp(LoginTest.java:36)
at com.facebook.loginTests.LoginTest.closeApp(LoginTest.java:36)
at com.facebook.loginTests.LoginTest.closeApp(LoginTest.java:36)
at com.facebook.loginTests.LoginTest.closeApp(LoginTest.java:36)
at com.facebook.loginTests.LoginTest.closeApp(LoginTest.java:36)
at com.facebook.loginTests.LoginTest.closeApp(LoginTest.java:36)
at com.facebook.loginTests.LoginTest.closeApp(LoginTest.java:36)
at com.facebook.loginTests.LoginTest.closeApp(LoginTest.java:36)
at com.facebook.loginTests.LoginTest.closeApp(LoginTest.java:36)
at com.facebook.loginTests.LoginTest.closeApp(LoginTest.java:36)
at com.facebook.loginTests.LoginTest.closeApp(LoginTest.java:36)
at com.facebook.loginTests.LoginTest.closeApp(LoginTest.java:36)
at com.facebook.loginTests.LoginTest.closeApp(LoginTest.java:36)
at com.facebook.loginTests.LoginTest.closeApp(LoginTest.java:36)
at com.facebook.loginTests.LoginTest.closeApp(LoginTest.java:36)
at com.facebook.loginTests.LoginTest.closeApp(LoginTest.java:36)
at com.facebook.loginTests.LoginTest.closeApp(LoginTest.java:36)
at com.facebook.loginTests.LoginTest.closeApp(LoginTest.java:36)
at com.facebook.loginTests.LoginTest.closeApp(LoginTest.java:36)
at com.facebook.loginTests.LoginTest.closeApp(LoginTest.java:36)
at com.facebook.loginTests.LoginTest.closeApp(LoginTest.java:36)
at com.facebook.loginTests.LoginTest.closeApp(LoginTest.java:36)
at com.facebook.loginTests.LoginTest.closeApp(LoginTest.java:36)
at com.facebook.loginTests.LoginTest.closeApp(LoginTest.java:36)
at com.facebook.loginTests.LoginTest.closeApp(LoginTest.java:36)
at com.facebook.loginTests.LoginTest.closeApp(LoginTest.java:36)
at com.facebook.loginTests.LoginTest.closeApp(LoginTest.java:36)
at com.facebook.loginTests.LoginTest.closeApp(LoginTest.java:36)
at com.facebook.loginTests.LoginTest.closeApp(LoginTest.java:36)
at com.facebook.loginTests.LoginTest.closeApp(LoginTest.java:36)
at com.facebook.loginTests.LoginTest.closeApp(LoginTest.java:36)
at com.facebook.loginTests.LoginTest.closeApp(LoginTest.java:36)
at com.facebook.loginTests.LoginTest.closeApp(LoginTest.java:36)
at com.facebook.loginTests.LoginTest.closeApp(LoginTest.java:36)
at com.facebook.loginTests.LoginTest.closeApp(LoginTest.java:36)
at com.facebook.loginTests.LoginTest.closeApp(LoginTest.java:36)
at com.facebook.loginTests.LoginTest.closeApp(LoginTest.java:36)
at com.facebook.loginTests.LoginTest.closeApp(LoginTest.java:36)
at com.facebook.loginTests.LoginTest.closeApp(LoginTest.java:36)
at com.facebook.loginTests.LoginTest.closeApp(LoginTest.java:36)
at com.facebook.loginTests.LoginTest.closeApp(LoginTest.java:36)
at com.facebook.loginTests.LoginTest.closeApp(LoginTest.java:36)
at com.facebook.loginTests.LoginTest.closeApp(LoginTest.java:36)
at com.facebook.loginTests.LoginTest.closeApp(LoginTest.java:36)
at com.facebook.loginTests.LoginTest.closeApp(LoginTest.java:36)
at com.facebook.loginTests.LoginTest.closeApp(LoginTest.java:36)
at com.facebook.loginTests.LoginTest.closeApp(LoginTest.java:36)
at com.facebook.loginTests.LoginTest.closeApp(LoginTest.java:36)
at com.facebook.loginTests.LoginTest.closeApp(LoginTest.java:36)
at com.facebook.loginTests.LoginTest.closeApp(LoginTest.java:36)
at com.facebook.loginTests.LoginTest.closeApp(LoginTest.java:36)
at com.facebook.loginTests.LoginTest.closeApp(LoginTest.java:36)
at com.facebook.loginTests.LoginTest.closeApp(LoginTest.java:36)
at com.facebook.loginTests.LoginTest.closeApp(LoginTest.java:36)
at com.facebook.loginTests.LoginTest.closeApp(LoginTest.java:36)
at com.facebook.loginTests.LoginTest.closeApp(LoginTest.java:36)
at com.facebook.loginTests.LoginTest.closeApp(LoginTest.java:36)
at com.facebook.loginTests.LoginTest.closeApp(LoginTest.java:36)
at com.facebook.loginTests.LoginTest.closeApp(LoginTest.java:36)
at com.facebook.loginTests.LoginTest.closeApp(LoginTest.java:36)
at com.facebook.loginTests.LoginTest.closeApp(LoginTest.java:36)
at com.facebook.loginTests.LoginTest.closeApp(LoginTest.java:36)
at com.facebook.loginTests.LoginTest.closeApp(LoginTest.java:36)
at com.facebook.loginTests.LoginTest.closeApp(LoginTest.java:36)
at com.facebook.loginTests.LoginTest.closeApp(LoginTest.java:36)
at com.facebook.loginTests.LoginTest.closeApp(LoginTest.java:36)
at com.facebook.loginTests.LoginTest.closeApp(LoginTest.java:36)
at com.facebook.loginTests.LoginTest.closeApp(LoginTest.java:36)
at com.facebook.loginTests.LoginTest.closeApp(LoginTest.java:36)
at com.facebook.loginTests.LoginTest.closeApp(LoginTest.java:36)
at com.facebook.loginTests.LoginTest.closeApp(LoginTest.java:36)
at com.facebook.loginTests.LoginTest.closeApp(LoginTest.java:36)
at com.facebook.loginTests.LoginTest.closeApp(LoginTest.java:36)
at com.facebook.loginTests.LoginTest.closeApp(LoginTest.java:36)
at com.facebook.loginTests.LoginTest.closeApp(LoginTest.java:36)
at com.facebook.loginTests.LoginTest.closeApp(LoginTest.java:36)
at com.facebook.loginTests.LoginTest.closeApp(LoginTest.java:36)
at com.facebook.loginTests.LoginTest.closeApp(LoginTest.java:36)
at com.facebook.loginTests.LoginTest.closeApp(LoginTest.java:36)
at com.facebook.loginTests.LoginTest.closeApp(LoginTest.java:36)
at com.facebook.loginTests.LoginTest.closeApp(LoginTest.java:36)
at com.facebook.loginTests.LoginTest.closeApp(LoginTest.java:36)
at com.facebook.loginTests.LoginTest.closeApp(LoginTest.java:36)
at com.facebook.loginTests.LoginTest.closeApp(LoginTest.java:36)
at com.facebook.loginTests.LoginTest.closeApp(LoginTest.java:36)
at com.facebook.loginTests.LoginTest.closeApp(LoginTest.java:36)
at com.facebook.loginTests.LoginTest.closeApp(LoginTest.java:36)
at com.facebook.loginTests.LoginTest.closeApp(LoginTest.java:36)
at com.facebook.loginTests.LoginTest.closeApp(LoginTest.java:36)
at com.facebook.loginTests.LoginTest.closeApp(LoginTest.java:36)
at com.facebook.loginTests.LoginTest.closeApp(LoginTest.java:36)
at com.facebook.loginTests.LoginTest.closeApp(LoginTest.java:36)
at com.facebook.loginTests.LoginTest.closeApp(LoginTest.java:36)
at com.facebook.loginTests.LoginTest.closeApp(LoginTest.java:36)
at com.facebook.loginTests.LoginTest.closeApp(LoginTest.java:36)
at com.facebook.loginTests.LoginTest.closeApp(LoginTest.java:36)
at com.facebook.loginTests.LoginTest.closeApp(LoginTest.java:36)
at com.facebook.loginTests.LoginTest.closeApp(LoginTest.java:36)
at com.facebook.loginTests.LoginTest.closeApp(LoginTest.java:36)
at com.facebook.loginTests.LoginTest.closeApp(LoginTest.java:36)
at com.facebook.loginTests.LoginTest.closeApp(LoginTest.java:36)
at com.facebook.loginTests.LoginTest.closeApp(LoginTest.java:36)
at com.facebook.loginTests.LoginTest.closeApp(LoginTest.java:36)
at com.facebook.loginTests.LoginTest.closeApp(LoginTest.java:36)
at com.facebook.loginTests.LoginTest.closeApp(LoginTest.java:36)
at com.facebook.loginTests.LoginTest.closeApp(LoginTest.java:36)
at com.facebook.loginTests.LoginTest.closeApp(LoginTest.java:36)
at com.facebook.loginTests.LoginTest.closeApp(LoginTest.java:36)
at com.facebook.loginTests.LoginTest.closeApp(LoginTest.java:36)
at com.facebook.loginTests.LoginTest.closeApp(LoginTest.java:36)
at com.facebook.loginTests.LoginTest.closeApp(LoginTest.java:36)
at com.facebook.loginTests.LoginTest.closeApp(LoginTest.java:36)
at com.facebook.loginTests.LoginTest.closeApp(LoginTest.java:36)
at com.facebook.loginTests.LoginTest.closeApp(LoginTest.java:36)
at com.facebook.loginTests.LoginTest.closeApp(LoginTest.java:36)
at com.facebook.loginTests.LoginTest.closeApp(LoginTest.java:36)
at com.facebook.loginTests.LoginTest.closeApp(LoginTest.java:36)
at com.facebook.loginTests.LoginTest.closeApp(LoginTest.java:36)
at com.facebook.loginTests.LoginTest.closeApp(LoginTest.java:36)
at com.facebook.loginTests.LoginTest.closeApp(LoginTest.java:36)
at com.facebook.loginTests.LoginTest.closeApp(LoginTest.java:36)
at com.facebook.loginTests.LoginTest.closeApp(LoginTest.java:36)
at com.facebook.loginTests.LoginTest.closeApp(LoginTest.java:36)
at com.facebook.loginTests.LoginTest.closeApp(LoginTest.java:36)
at com.facebook.loginTests.LoginTest.closeApp(LoginTest.java:36)
at com.facebook.loginTests.LoginTest.closeApp(LoginTest.java:36)
at com.facebook.loginTests.LoginTest.closeApp(LoginTest.java:36)
at com.facebook.loginTests.LoginTest.closeApp(LoginTest.java:36)
at com.facebook.loginTests.LoginTest.closeApp(LoginTest.java:36)
at com.facebook.loginTests.LoginTest.closeApp(LoginTest.java:36)
at com.facebook.loginTests.LoginTest.closeApp(LoginTest.java:36)
at com.facebook.loginTests.LoginTest.closeApp(LoginTest.java:36)
at com.facebook.loginTests.LoginTest.closeApp(LoginTest.java:36)
at com.facebook.loginTests.LoginTest.closeApp(LoginTest.java:36)
at com.facebook.loginTests.LoginTest.closeApp(LoginTest.java:36)
at com.facebook.loginTests.LoginTest.closeApp(LoginTest.java:36)
at com.facebook.loginTests.LoginTest.closeApp(LoginTest.java:36)
at com.facebook.loginTests.LoginTest.closeApp(LoginTest.java:36)
at com.facebook.loginTests.LoginTest.closeApp(LoginTest.java:36)
at com.facebook.loginTests.LoginTest.closeApp(LoginTest.java:36)
at com.facebook.loginTests.LoginTest.closeApp(LoginTest.java:36)
at com.facebook.loginTests.LoginTest.closeApp(LoginTest.java:36)
at com.facebook.loginTests.LoginTest.closeApp(LoginTest.java:36)
at com.facebook.loginTests.LoginTest.closeApp(LoginTest.java:36)
at com.facebook.loginTests.LoginTest.closeApp(LoginTest.java:36)
at com.facebook.loginTests.LoginTest.closeApp(LoginTest.java:36)
at com.facebook.loginTests.LoginTest.closeApp(LoginTest.java:36)
at com.facebook.loginTests.LoginTest.closeApp(LoginTest.java:36)
at com.facebook.loginTests.LoginTest.closeApp(LoginTest.java:36)
at com.facebook.loginTests.LoginTest.closeApp(LoginTest.java:36)
at com.facebook.loginTests.LoginTest.closeApp(LoginTest.java:36)
at com.facebook.loginTests.LoginTest.closeApp(LoginTest.java:36)
at com.facebook.loginTests.LoginTest.closeApp(LoginTest.java:36)
at com.facebook.loginTests.LoginTest.closeApp(LoginTest.java:36)
at com.facebook.loginTests.LoginTest.closeApp(LoginTest.java:36)
at com.facebook.loginTests.LoginTest.closeApp(LoginTest.java:36)
at com.facebook.loginTests.LoginTest.closeApp(LoginTest.java:36)
at com.facebook.loginTests.LoginTest.closeApp(LoginTest.java:36)
at com.facebook.loginTests.LoginTest.closeApp(LoginTest.java:36)
at com.facebook.loginTests.LoginTest.closeApp(LoginTest.java:36)
at com.facebook.loginTests.LoginTest.closeApp(LoginTest.java:36)
at com.facebook.loginTests.LoginTest.closeApp(LoginTest.java:36)
at com.facebook.loginTests.LoginTest.closeApp(LoginTest.java:36)
at com.facebook.loginTests.LoginTest.closeApp(LoginTest.java:36)
at com.facebook.loginTests.LoginTest.closeApp(LoginTest.java:36)
at com.facebook.loginTests.LoginTest.closeApp(LoginTest.java:36)
at com.facebook.loginTests.LoginTest.closeApp(LoginTest.java:36)
at com.facebook.loginTests.LoginTest.closeApp(LoginTest.java:36)
at com.facebook.loginTests.LoginTest.closeApp(LoginTest.java:36)
at com.facebook.loginTests.LoginTest.closeApp(LoginTest.java:36)
at com.facebook.loginTests.LoginTest.closeApp(LoginTest.java:36)
at com.facebook.loginTests.LoginTest.closeApp(LoginTest.java:36)
at com.facebook.loginTests.LoginTest.closeApp(LoginTest.java:36)
at com.facebook.loginTests.LoginTest.closeApp(LoginTest.java:36)
at com.facebook.loginTests.LoginTest.closeApp(LoginTest.java:36)
at com.facebook.loginTests.LoginTest.closeApp(LoginTest.java:36)
at com.facebook.loginTests.LoginTest.closeApp(LoginTest.java:36)
at com.facebook.loginTests.LoginTest.closeApp(LoginTest.java:36)
at com.facebook.loginTests.LoginTest.closeApp(LoginTest.java:36)
at com.facebook.loginTests.LoginTest.closeApp(LoginTest.java:36)
at com.facebook.loginTests.LoginTest.closeApp(LoginTest.java:36)
at com.facebook.loginTests.LoginTest.closeApp(LoginTest.java:36)
at com.facebook.loginTests.LoginTest.closeApp(LoginTest.java:36)
at com.facebook.loginTests.LoginTest.closeApp(LoginTest.java:36)
at com.facebook.loginTests.LoginTest.closeApp(LoginTest.java:36)
at com.facebook.loginTests.LoginTest.closeApp(LoginTest.java:36)
at com.facebook.loginTests.LoginTest.closeApp(LoginTest.java:36)
at com.facebook.loginTests.LoginTest.closeApp(LoginTest.java:36)
at com.facebook.loginTests.LoginTest.closeApp(LoginTest.java:36)
at com.facebook.loginTests.LoginTest.closeApp(LoginTest.java:36)
at com.facebook.loginTests.LoginTest.closeApp(LoginTest.java:36)
at com.facebook.loginTests.LoginTest.closeApp(LoginTest.java:36)
at com.facebook.loginTests.LoginTest.closeApp(LoginTest.java:36)
at com.facebook.loginTests.LoginTest.closeApp(LoginTest.java:36)
at com.facebook.loginTests.LoginTest.closeApp(LoginTest.java:36)
at com.facebook.loginTests.LoginTest.closeApp(LoginTest.java:36)
at com.facebook.loginTests.LoginTest.closeApp(LoginTest.java:36)
at com.facebook.loginTests.LoginTest.closeApp(LoginTest.java:36)
at com.facebook.loginTests.LoginTest.closeApp(LoginTest.java:36)
at com.facebook.loginTests.LoginTest.closeApp(LoginTest.java:36)
at com.facebook.loginTests.LoginTest.closeApp(LoginTest.java:36)
at com.facebook.loginTests.LoginTest.closeApp(LoginTest.java:36)
at com.facebook.loginTests.LoginTest.closeApp(LoginTest.java:36)
at com.facebook.loginTests.LoginTest.closeApp(LoginTest.java:36)
at com.facebook.loginTests.LoginTest.closeApp(LoginTest.java:36)
at com.facebook.loginTests.LoginTest.closeApp(LoginTest.java:36)
at com.facebook.loginTests.LoginTest.closeApp(LoginTest.java:36)
at com.facebook.loginTests.LoginTest.closeApp(LoginTest.java:36)
at com.facebook.loginTests.LoginTest.closeApp(LoginTest.java:36)
at com.facebook.loginTests.LoginTest.closeApp(LoginTest.java:36)
at com.facebook.loginTests.LoginTest.closeApp(LoginTest.java:36)
at com.facebook.loginTests.LoginTest.closeApp(LoginTest.java:36)
at com.facebook.loginTests.LoginTest.closeApp(LoginTest.java:36)
at com.facebook.loginTests.LoginTest.closeApp(LoginTest.java:36)
at com.facebook.loginTests.LoginTest.closeApp(LoginTest.java:36)
at com.facebook.loginTests.LoginTest.closeApp(LoginTest.java:36)
at com.facebook.loginTests.LoginTest.closeApp(LoginTest.java:36)
at com.facebook.loginTests.LoginTest.closeApp(LoginTest.java:36)
at com.facebook.loginTests.LoginTest.closeApp(LoginTest.java:36)
at com.facebook.loginTests.LoginTest.closeApp(LoginTest.java:36)
at com.facebook.loginTests.LoginTest.closeApp(LoginTest.java:36)
at com.facebook.loginTests.LoginTest.closeApp(LoginTest.java:36)
at com.facebook.loginTests.LoginTest.closeApp(LoginTest.java:36)
at com.facebook.loginTests.LoginTest.closeApp(LoginTest.java:36)
at com.facebook.loginTests.LoginTest.closeApp(LoginTest.java:36)
at com.facebook.loginTests.LoginTest.closeApp(LoginTest.java:36)
at com.facebook.loginTests.LoginTest.closeApp(LoginTest.java:36)
at com.facebook.loginTests.LoginTest.closeApp(LoginTest.java:36)
at com.facebook.loginTests.LoginTest.closeApp(LoginTest.java:36)
at com.facebook.loginTests.LoginTest.closeApp(LoginTest.java:36)
at com.facebook.loginTests.LoginTest.closeApp(LoginTest.java:36)
at com.facebook.loginTests.LoginTest.closeApp(LoginTest.java:36)
at com.facebook.loginTests.LoginTest.closeApp(LoginTest.java:36)
at com.facebook.loginTests.LoginTest.closeApp(LoginTest.java:36)
at com.facebook.loginTests.LoginTest.closeApp(LoginTest.java:36)
at com.facebook.loginTests.LoginTest.closeApp(LoginTest.java:36)
at com.facebook.loginTests.LoginTest.closeApp(LoginTest.java:36)
at com.facebook.loginTests.LoginTest.closeApp(LoginTest.java:36)
at com.facebook.loginTests.LoginTest.closeApp(LoginTest.java:36)
at com.facebook.loginTests.LoginTest.closeApp(LoginTest.java:36)
at com.facebook.loginTests.LoginTest.closeApp(LoginTest.java:36)
at com.facebook.loginTests.LoginTest.closeApp(LoginTest.java:36)
at com.facebook.loginTests.LoginTest.closeApp(LoginTest.java:36)
at com.facebook.loginTests.LoginTest.closeApp(LoginTest.java:36)
at com.facebook.loginTests.LoginTest.closeApp(LoginTest.java:36)
at com.facebook.loginTests.LoginTest.closeApp(LoginTest.java:36)
at com.facebook.loginTests.LoginTest.closeApp(LoginTest.java:36)
at com.facebook.loginTests.LoginTest.closeApp(LoginTest.java:36)
at com.facebook.loginTests.LoginTest.closeApp(LoginTest.java:36)
at com.facebook.loginTests.LoginTest.closeApp(LoginTest.java:36)
at com.facebook.loginTests.LoginTest.closeApp(LoginTest.java:36)
at com.facebook.loginTests.LoginTest.closeApp(LoginTest.java:36)
at com.facebook.loginTests.LoginTest.closeApp(LoginTest.java:36)
at com.facebook.loginTests.LoginTest.closeApp(LoginTest.java:36)
at com.facebook.loginTests.LoginTest.closeApp(LoginTest.java:36)
at com.facebook.loginTests.LoginTest.closeApp(LoginTest.java:36)
at com.facebook.loginTests.LoginTest.closeApp(LoginTest.java:36)
at com.facebook.loginTests.LoginTest.closeApp(LoginTest.java:36)
at com.facebook.loginTests.LoginTest.closeApp(LoginTest.java:36)
at com.facebook.loginTests.LoginTest.closeApp(LoginTest.java:36)
at com.facebook.loginTests.LoginTest.closeApp(LoginTest.java:36)
at com.facebook.loginTests.LoginTest.closeApp(LoginTest.java:36)
at com.facebook.loginTests.LoginTest.closeApp(LoginTest.java:36)
at com.facebook.loginTests.LoginTest.closeApp(LoginTest.java:36)
at com.facebook.loginTests.LoginTest.closeApp(LoginTest.java:36)
at com.facebook.loginTests.LoginTest.closeApp(LoginTest.java:36)
at com.facebook.loginTests.LoginTest.closeApp(LoginTest.java:36)
at com.facebook.loginTests.LoginTest.closeApp(LoginTest.java:36)
at com.facebook.loginTests.LoginTest.closeApp(LoginTest.java:36)
at com.facebook.loginTests.LoginTest.closeApp(LoginTest.java:36)
at com.facebook.loginTests.LoginTest.closeApp(LoginTest.java:36)
at com.facebook.loginTests.LoginTest.closeApp(LoginTest.java:36)
at com.facebook.loginTests.LoginTest.closeApp(LoginTest.java:36)
at com.facebook.loginTests.LoginTest.closeApp(LoginTest.java:36)
at com.facebook.loginTests.LoginTest.closeApp(LoginTest.java:36)
at com.facebook.loginTests.LoginTest.closeApp(LoginTest.java:36)
at com.facebook.loginTests.LoginTest.closeApp(LoginTest.java:36)
at com.facebook.loginTests.LoginTest.closeApp(LoginTest.java:36)
at com.facebook.loginTests.LoginTest.closeApp(LoginTest.java:36)
at com.facebook.loginTests.LoginTest.closeApp(LoginTest.java:36)
at com.facebook.loginTests.LoginTest.closeApp(LoginTest.java:36)
at com.facebook.loginTests.LoginTest.closeApp(LoginTest.java:36)
at com.facebook.loginTests.LoginTest.closeApp(LoginTest.java:36)
at com.facebook.loginTests.LoginTest.closeApp(LoginTest.java:36)
at com.facebook.loginTests.LoginTest.closeApp(LoginTest.java:36)
at com.facebook.loginTests.LoginTest.closeApp(LoginTest.java:36)
at com.facebook.loginTests.LoginTest.closeApp(LoginTest.java:36)
at com.facebook.loginTests.LoginTest.closeApp(LoginTest.java:36)
at com.facebook.loginTests.LoginTest.closeApp(LoginTest.java:36)
at com.facebook.loginTests.LoginTest.closeApp(LoginTest.java:36)
at com.facebook.loginTests.LoginTest.closeApp(LoginTest.java:36)
at com.facebook.loginTests.LoginTest.closeApp(LoginTest.java:36)
at com.facebook.loginTests.LoginTest.closeApp(LoginTest.java:36)
at com.facebook.loginTests.LoginTest.closeApp(LoginTest.java:36)
at com.facebook.loginTests.LoginTest.closeApp(LoginTest.java:36)
at com.facebook.loginTests.LoginTest.closeApp(LoginTest.java:36)
at com.facebook.loginTests.LoginTest.closeApp(LoginTest.java:36)
at com.facebook.loginTests.LoginTest.closeApp(LoginTest.java:36)
at com.facebook.loginTests.LoginTest.closeApp(LoginTest.java:36)
at com.facebook.loginTests.LoginTest.closeApp(LoginTest.java:36)
at com.facebook.loginTests.LoginTest.closeApp(LoginTest.java:36)
at com.facebook.loginTests.LoginTest.closeApp(LoginTest.java:36)
at com.facebook.loginTests.LoginTest.closeApp(LoginTest.java:36)
at com.facebook.loginTests.LoginTest.closeApp(LoginTest.java:36)
at com.facebook.loginTests.LoginTest.closeApp(LoginTest.java:36)
at com.facebook.loginTests.LoginTest.closeApp(LoginTest.java:36)
at com.facebook.loginTests.LoginTest.closeApp(LoginTest.java:36)
at com.facebook.loginTests.LoginTest.closeApp(LoginTest.java:36)
at com.facebook.loginTests.LoginTest.closeApp(LoginTest.java:36)
at com.facebook.loginTests.LoginTest.closeApp(LoginTest.java:36)
at com.facebook.loginTests.LoginTest.closeApp(LoginTest.java:36)
at com.facebook.loginTests.LoginTest.closeApp(LoginTest.java:36)
at com.facebook.loginTests.LoginTest.closeApp(LoginTest.java:36)
at com.facebook.loginTests.LoginTest.closeApp(LoginTest.java:36)
at com.facebook.loginTests.LoginTest.closeApp(LoginTest.java:36)
at com.facebook.loginTests.LoginTest.closeApp(LoginTest.java:36)
at com.facebook.loginTests.LoginTest.closeApp(LoginTest.java:36)
at com.facebook.loginTests.LoginTest.closeApp(LoginTest.java:36)
at com.facebook.loginTests.LoginTest.closeApp(LoginTest.java:36)
at com.facebook.loginTests.LoginTest.closeApp(LoginTest.java:36)
at com.facebook.loginTests.LoginTest.closeApp(LoginTest.java:36)
at com.facebook.loginTests.LoginTest.closeApp(LoginTest.java:36)
at com.facebook.loginTests.LoginTest.closeApp(LoginTest.java:36)
at com.facebook.loginTests.LoginTest.closeApp(LoginTest.java:36)
at com.facebook.loginTests.LoginTest.closeApp(LoginTest.java:36)
at com.facebook.loginTests.LoginTest.closeApp(LoginTest.java:36)
at com.facebook.loginTests.LoginTest.closeApp(LoginTest.java:36)
at com.facebook.loginTests.LoginTest.closeApp(LoginTest.java:36)
at com.facebook.loginTests.LoginTest.closeApp(LoginTest.java:36)
at com.facebook.loginTests.LoginTest.closeApp(LoginTest.java:36)
at com.facebook.loginTests.LoginTest.closeApp(LoginTest.java:36)
at com.facebook.loginTests.LoginTest.closeApp(LoginTest.java:36)
at com.facebook.loginTests.LoginTest.closeApp(LoginTest.java:36)
at com.facebook.loginTests.LoginTest.closeApp(LoginTest.java:36)
at com.facebook.loginTests.LoginTest.closeApp(LoginTest.java:36)
at com.facebook.loginTests.LoginTest.closeApp(LoginTest.java:36)
at com.facebook.loginTests.LoginTest.closeApp(LoginTest.java:36)
at com.facebook.loginTests.LoginTest.closeApp(LoginTest.java:36)
at com.facebook.loginTests.LoginTest.closeApp(LoginTest.java:36)
at com.facebook.loginTests.LoginTest.closeApp(LoginTest.java:36)
at com.facebook.loginTests.LoginTest.closeApp(LoginTest.java:36)
at com.facebook.loginTests.LoginTest.closeApp(LoginTest.java:36)
at com.facebook.loginTests.LoginTest.closeApp(LoginTest.java:36)
at com.facebook.loginTests.LoginTest.closeApp(LoginTest.java:36)
at com.facebook.loginTests.LoginTest.closeApp(LoginTest.java:36)
at com.facebook.loginTests.LoginTest.closeApp(LoginTest.java:36)
at com.facebook.loginTests.LoginTest.closeApp(LoginTest.java:36)
at com.facebook.loginTests.LoginTest.closeApp(LoginTest.java:36)
at com.facebook.loginTests.LoginTest.closeApp(LoginTest.java:36)
at com.facebook.loginTests.LoginTest.closeApp(LoginTest.java:36)
at com.facebook.loginTests.LoginTest.closeApp(LoginTest.java:36)
at com.facebook.loginTests.LoginTest.closeApp(LoginTest.java:36)
at com.facebook.loginTests.LoginTest.closeApp(LoginTest.java:36)
at com.facebook.loginTests.LoginTest.closeApp(LoginTest.java:36)
at com.facebook.loginTests.LoginTest.closeApp(LoginTest.java:36)
at com.facebook.loginTests.LoginTest.closeApp(LoginTest.java:36)
at com.facebook.loginTests.LoginTest.closeApp(LoginTest.java:36)
at com.facebook.loginTests.LoginTest.closeApp(LoginTest.java:36)
at com.facebook.loginTests.LoginTest.closeApp(LoginTest.java:36)
at com.facebook.loginTests.LoginTest.closeApp(LoginTest.java:36)
at com.facebook.loginTests.LoginTest.closeApp(LoginTest.java:36)
at com.facebook.loginTests.LoginTest.closeApp(LoginTest.java:36)
at com.facebook.loginTests.LoginTest.closeApp(LoginTest.java:36)
at com.facebook.loginTests.LoginTest.closeApp(LoginTest.java:36)
at com.facebook.loginTests.LoginTest.closeApp(LoginTest.java:36)
at com.facebook.loginTests.LoginTest.closeApp(LoginTest.java:36)
at com.facebook.loginTests.LoginTest.closeApp(LoginTest.java:36)
at com.facebook.loginTests.LoginTest.closeApp(LoginTest.java:36)
at com.facebook.loginTests.LoginTest.closeApp(LoginTest.java:36)
at com.facebook.loginTests.LoginTest.closeApp(LoginTest.java:36)
at com.facebook.loginTests.LoginTest.closeApp(LoginTest.java:36)
at com.facebook.loginTests.LoginTest.closeApp(LoginTest.java:36)
at com.facebook.loginTests.LoginTest.closeApp(LoginTest.java:36)
at com.facebook.loginTests.LoginTest.closeApp(LoginTest.java:36)
at com.facebook.loginTests.LoginTest.closeApp(LoginTest.java:36)
at com.facebook.loginTests.LoginTest.closeApp(LoginTest.java:36)
at com.facebook.loginTests.LoginTest.closeApp(LoginTest.java:36)
at com.facebook.loginTests.LoginTest.closeApp(LoginTest.java:36)
at com.facebook.loginTests.LoginTest.closeApp(LoginTest.java:36)
at com.facebook.loginTests.LoginTest.closeApp(LoginTest.java:36)
at com.facebook.loginTests.LoginTest.closeApp(LoginTest.java:36)
at com.facebook.loginTests.LoginTest.closeApp(LoginTest.java:36)
at com.facebook.loginTests.LoginTest.closeApp(LoginTest.java:36)
at com.facebook.loginTests.LoginTest.closeApp(LoginTest.java:36)
at com.facebook.loginTests.LoginTest.closeApp(LoginTest.java:36)
at com.facebook.loginTests.LoginTest.closeApp(LoginTest.java:36)
at com.facebook.loginTests.LoginTest.closeApp(LoginTest.java:36)
at com.facebook.loginTests.LoginTest.closeApp(LoginTest.java:36)
at com.facebook.loginTests.LoginTest.closeApp(LoginTest.java:36)
at com.facebook.loginTests.LoginTest.closeApp(LoginTest.java:36)
at com.facebook.loginTests.LoginTest.closeApp(LoginTest.java:36)
at com.facebook.loginTests.LoginTest.closeApp(LoginTest.java:36)
at com.facebook.loginTests.LoginTest.closeApp(LoginTest.java:36)
at com.facebook.loginTests.LoginTest.closeApp(LoginTest.java:36)
at com.facebook.loginTests.LoginTest.closeApp(LoginTest.java:36)
at com.facebook.loginTests.LoginTest.closeApp(LoginTest.java:36)
at com.facebook.loginTests.LoginTest.closeApp(LoginTest.java:36)
at com.facebook.loginTests.LoginTest.closeApp(LoginTest.java:36)
at com.facebook.loginTests.LoginTest.closeApp(LoginTest.java:36)
at com.facebook.loginTests.LoginTest.closeApp(LoginTest.java:36)
at com.facebook.loginTests.LoginTest.closeApp(LoginTest.java:36)
at com.facebook.loginTests.LoginTest.closeApp(LoginTest.java:36)
at com.facebook.loginTests.LoginTest.closeApp(LoginTest.java:36)
at com.facebook.loginTests.LoginTest.closeApp(LoginTest.java:36)
at com.facebook.loginTests.LoginTest.closeApp(LoginTest.java:36)
at com.facebook.loginTests.LoginTest.closeApp(LoginTest.java:36)
at com.facebook.loginTests.LoginTest.closeApp(LoginTest.java:36)
at com.facebook.loginTests.LoginTest.closeApp(LoginTest.java:36)
at com.facebook.loginTests.LoginTest.closeApp(LoginTest.java:36)
at com.facebook.loginTests.LoginTest.closeApp(LoginTest.java:36)
at com.facebook.loginTests.LoginTest.closeApp(LoginTest.java:36)
at com.facebook.loginTests.LoginTest.closeApp(LoginTest.java:36)
at com.facebook.loginTests.LoginTest.closeApp(LoginTest.java:36)
at com.facebook.loginTests.LoginTest.closeApp(LoginTest.java:36)
at com.facebook.loginTests.LoginTest.closeApp(LoginTest.java:36)
at com.facebook.loginTests.LoginTest.closeApp(LoginTest.java:36)
at com.facebook.loginTests.LoginTest.closeApp(LoginTest.java:36)
at com.facebook.loginTests.LoginTest.closeApp(LoginTest.java:36)
at com.facebook.loginTests.LoginTest.closeApp(LoginTest.java:36)
at com.facebook.loginTests.LoginTest.closeApp(LoginTest.java:36)
at com.facebook.loginTests.LoginTest.closeApp(LoginTest.java:36)
at com.facebook.loginTests.LoginTest.closeApp(LoginTest.java:36)
at com.facebook.loginTests.LoginTest.closeApp(LoginTest.java:36)
at com.facebook.loginTests.LoginTest.closeApp(LoginTest.java:36)
at com.facebook.loginTests.LoginTest.closeApp(LoginTest.java:36)
at com.facebook.loginTests.LoginTest.closeApp(LoginTest.java:36)
at com.facebook.loginTests.LoginTest.closeApp(LoginTest.java:36)
at com.facebook.loginTests.LoginTest.closeApp(LoginTest.java:36)
at com.facebook.loginTests.LoginTest.closeApp(LoginTest.java:36)
at com.facebook.loginTests.LoginTest.closeApp(LoginTest.java:36)
at com.facebook.loginTests.LoginTest.closeApp(LoginTest.java:36)
at com.facebook.loginTests.LoginTest.closeApp(LoginTest.java:36)
at com.facebook.loginTests.LoginTest.closeApp(LoginTest.java:36)
at com.facebook.loginTests.LoginTest.closeApp(LoginTest.java:36)
at com.facebook.loginTests.LoginTest.closeApp(LoginTest.java:36)
at com.facebook.loginTests.LoginTest.closeApp(LoginTest.java:36)
at com.facebook.loginTests.LoginTest.closeApp(LoginTest.java:36)
at com.facebook.loginTests.LoginTest.closeApp(LoginTest.java:36)
at com.facebook.loginTests.LoginTest.closeApp(LoginTest.java:36)
at com.facebook.loginTests.LoginTest.closeApp(LoginTest.java:36)
at com.facebook.loginTests.LoginTest.closeApp(LoginTest.java:36)
at com.facebook.loginTests.LoginTest.closeApp(LoginTest.java:36)
at com.facebook.loginTests.LoginTest.closeApp(LoginTest.java:36)
at com.facebook.loginTests.LoginTest.closeApp(LoginTest.java:36)
at com.facebook.loginTests.LoginTest.closeApp(LoginTest.java:36)
at com.facebook.loginTests.LoginTest.closeApp(LoginTest.java:36)
at com.facebook.loginTests.LoginTest.closeApp(LoginTest.java:36)
at com.facebook.loginTests.LoginTest.closeApp(LoginTest.java:36)
at com.facebook.loginTests.LoginTest.closeApp(LoginTest.java:36)
at com.facebook.loginTests.LoginTest.closeApp(LoginTest.java:36)
at com.facebook.loginTests.LoginTest.closeApp(LoginTest.java:36)
at com.facebook.loginTests.LoginTest.closeApp(LoginTest.java:36)
at com.facebook.loginTests.LoginTest.closeApp(LoginTest.java:36)
at com.facebook.loginTests.LoginTest.closeApp(LoginTest.java:36)
at com.facebook.loginTests.LoginTest.closeApp(LoginTest.java:36)
at com.facebook.loginTests.LoginTest.closeApp(LoginTest.java:36)
at com.facebook.loginTests.LoginTest.closeApp(LoginTest.java:36)
at com.facebook.loginTests.LoginTest.closeApp(LoginTest.java:36)
at com.facebook.loginTests.LoginTest.closeApp(LoginTest.java:36)
at com.facebook.loginTests.LoginTest.closeApp(LoginTest.java:36)
at com.facebook.loginTests.LoginTest.closeApp(LoginTest.java:36)
at com.facebook.loginTests.LoginTest.closeApp(LoginTest.java:36)
at com.facebook.loginTests.LoginTest.closeApp(LoginTest.java:36)
at com.facebook.loginTests.LoginTest.closeApp(LoginTest.java:36)
at com.facebook.loginTests.LoginTest.closeApp(LoginTest.java:36)
at com.facebook.loginTests.LoginTest.closeApp(LoginTest.java:36)
at com.facebook.loginTests.LoginTest.closeApp(LoginTest.java:36)
at com.facebook.loginTests.LoginTest.closeApp(LoginTest.java:36)
at com.facebook.loginTests.LoginTest.closeApp(LoginTest.java:36)
at com.facebook.loginTests.LoginTest.closeApp(LoginTest.java:36)
at com.facebook.loginTests.LoginTest.closeApp(LoginTest.java:36)
at com.facebook.loginTests.LoginTest.closeApp(LoginTest.java:36)
at com.facebook.loginTests.LoginTest.closeApp(LoginTest.java:36)
at com.facebook.loginTests.LoginTest.closeApp(LoginTest.java:36)
at com.facebook.loginTests.LoginTest.closeApp(LoginTest.java:36)
at com.facebook.loginTests.LoginTest.closeApp(LoginTest.java:36)
at com.facebook.loginTests.LoginTest.closeApp(LoginTest.java:36)
at com.facebook.loginTests.LoginTest.closeApp(LoginTest.java:36)
at com.facebook.loginTests.LoginTest.closeApp(LoginTest.java:36)
at com.facebook.loginTests.LoginTest.closeApp(LoginTest.java:36)
at com.facebook.loginTests.LoginTest.closeApp(LoginTest.java:36)
at com.facebook.loginTests.LoginTest.closeApp(LoginTest.java:36)
at com.facebook.loginTests.LoginTest.closeApp(LoginTest.java:36)
]]>
    </error>
  </testcase> <!-- closeApp -->
  <system-out/>
</testsuite> <!-- com.facebook.loginTests.LoginTest -->
